2024-06-22T08:32:24.412+05:30  WARN 3828 --- [npp] [HikariPool-1 housekeeper] com.zaxxer.hikari.pool.HikariPool        : HikariPool-1 - Thread starvation or clock leap detected (housekeeper delta=17h5m46s644ms664µs200ns).
2024-06-22T17:15:32.555+05:30  INFO 3828 --- [npp] [http-nio-8080-exec-6] c.project.npp.controller.AuthController  : signin
2024-06-22T17:15:32.713+05:30  INFO 3828 --- [npp] [http-nio-8080-exec-6] c.p.npp.service.UserEntityServiceImpl    : User found
2024-06-22T17:15:34.363+05:30  WARN 3828 --- [npp] [HikariPool-1 housekeeper] com.zaxxer.hikari.pool.HikariPool        : HikariPool-1 - Thread starvation or clock leap detected (housekeeper delta=8h43m16s222ms902µs600ns).
2024-06-22T17:16:21.446+05:30  INFO 3828 --- [npp] [http-nio-8080-exec-7] c.p.npp.service.UserEntityServiceImpl    : User found
2024-06-22T17:16:21.452+05:30  INFO 3828 --- [npp] [http-nio-8080-exec-7] c.p.n.controller.SystemAdminController   : Add operator
2024-06-22T17:16:21.452+05:30  INFO 3828 --- [npp] [http-nio-8080-exec-7] c.p.npp.service.OperatorServiceImpl      : Operator added successfully!!
2024-06-22T17:16:21.458+05:30  INFO 3828 --- [npp] [http-nio-8080-exec-7] c.p.n.controller.SystemAdminController   : Operator added successfully!
2024-06-22T17:16:38.319+05:30  INFO 3828 --- [npp] [http-nio-8080-exec-8] c.p.npp.service.UserEntityServiceImpl    : User found
2024-06-22T17:16:38.319+05:30  INFO 3828 --- [npp] [http-nio-8080-exec-8] c.p.n.controller.SystemAdminController   : Add operator
2024-06-22T17:16:38.319+05:30  INFO 3828 --- [npp] [http-nio-8080-exec-8] c.p.npp.service.OperatorServiceImpl      : Operator added successfully!!
2024-06-22T17:16:38.335+05:30  INFO 3828 --- [npp] [http-nio-8080-exec-8] c.p.n.controller.SystemAdminController   : Operator added successfully!
2024-06-22T17:16:56.727+05:30  INFO 3828 --- [npp] [http-nio-8080-exec-1] c.p.npp.service.UserEntityServiceImpl    : User found
2024-06-22T17:16:56.739+05:30  INFO 3828 --- [npp] [http-nio-8080-exec-1] c.p.n.controller.SystemAdminController   : Add operator
2024-06-22T17:16:56.739+05:30  INFO 3828 --- [npp] [http-nio-8080-exec-1] c.p.npp.service.OperatorServiceImpl      : Operator added successfully!!
2024-06-22T17:16:56.758+05:30  INFO 3828 --- [npp] [http-nio-8080-exec-1] c.p.n.controller.SystemAdminController   : Operator added successfully!
2024-06-22T17:17:08.651+05:30  INFO 3828 --- [npp] [http-nio-8080-exec-2] c.p.npp.service.UserEntityServiceImpl    : User found
2024-06-22T17:17:08.658+05:30  INFO 3828 --- [npp] [http-nio-8080-exec-2] c.p.n.controller.SystemAdminController   : Add operator
2024-06-22T17:17:08.658+05:30  INFO 3828 --- [npp] [http-nio-8080-exec-2] c.p.npp.service.OperatorServiceImpl      : Operator added successfully!!
2024-06-22T17:17:08.673+05:30  INFO 3828 --- [npp] [http-nio-8080-exec-2] c.p.n.controller.SystemAdminController   : Operator added successfully!
2024-06-22T17:18:16.030+05:30  INFO 3828 --- [npp] [http-nio-8080-exec-3] c.p.npp.service.UserEntityServiceImpl    : User found
2024-06-22T17:18:16.033+05:30  INFO 3828 --- [npp] [http-nio-8080-exec-3] c.project.npp.controller.AuthController  : signin
2024-06-22T17:18:16.039+05:30  INFO 3828 --- [npp] [http-nio-8080-exec-3] c.p.npp.service.UserEntityServiceImpl    : User found
2024-06-22T17:18:16.242+05:30  INFO 3828 --- [npp] [http-nio-8080-exec-3] c.project.npp.service.RoleServiceImpl    : Role found
2024-06-22T17:18:16.247+05:30  INFO 3828 --- [npp] [http-nio-8080-exec-3] c.p.npp.service.OperatorServiceImpl      : Operator found
2024-06-22T17:18:16.261+05:30  INFO 3828 --- [npp] [http-nio-8080-exec-3] c.p.npp.service.UserEntityServiceImpl    : User added successfully !!
2024-06-22T17:18:16.261+05:30  INFO 3828 --- [npp] [http-nio-8080-exec-3] c.project.npp.controller.AuthController  : User registered successfully!
2024-06-22T17:18:24.514+05:30  INFO 3828 --- [npp] [http-nio-8080-exec-4] c.p.npp.service.UserEntityServiceImpl    : User found
2024-06-22T17:18:24.514+05:30  INFO 3828 --- [npp] [http-nio-8080-exec-4] c.project.npp.controller.AuthController  : signin
2024-06-22T17:18:24.529+05:30  INFO 3828 --- [npp] [http-nio-8080-exec-4] c.p.npp.service.UserEntityServiceImpl    : User found
2024-06-22T17:18:24.803+05:30  INFO 3828 --- [npp] [http-nio-8080-exec-4] c.project.npp.service.RoleServiceImpl    : Role found
2024-06-22T17:18:24.807+05:30  INFO 3828 --- [npp] [http-nio-8080-exec-4] c.p.npp.service.OperatorServiceImpl      : Operator found
2024-06-22T17:18:24.822+05:30  INFO 3828 --- [npp] [http-nio-8080-exec-4] c.p.npp.service.UserEntityServiceImpl    : User added successfully !!
2024-06-22T17:18:24.822+05:30  INFO 3828 --- [npp] [http-nio-8080-exec-4] c.project.npp.controller.AuthController  : User registered successfully!
2024-06-22T17:18:52.573+05:30  INFO 3828 --- [npp] [http-nio-8080-exec-5] c.p.npp.service.UserEntityServiceImpl    : User found
2024-06-22T17:18:52.573+05:30  INFO 3828 --- [npp] [http-nio-8080-exec-5] c.project.npp.controller.AuthController  : signin
2024-06-22T17:18:52.573+05:30  INFO 3828 --- [npp] [http-nio-8080-exec-5] c.p.npp.service.UserEntityServiceImpl    : User found
2024-06-22T17:18:52.882+05:30  INFO 3828 --- [npp] [http-nio-8080-exec-5] c.project.npp.service.RoleServiceImpl    : Role found
2024-06-22T17:18:52.887+05:30  INFO 3828 --- [npp] [http-nio-8080-exec-5] c.p.npp.service.OperatorServiceImpl      : Operator found
2024-06-22T17:18:52.900+05:30  INFO 3828 --- [npp] [http-nio-8080-exec-5] c.p.npp.service.UserEntityServiceImpl    : User added successfully !!
2024-06-22T17:18:52.901+05:30  INFO 3828 --- [npp] [http-nio-8080-exec-5] c.project.npp.controller.AuthController  : User registered successfully!
2024-06-22T17:19:08.298+05:30  INFO 3828 --- [npp] [http-nio-8080-exec-6] c.p.npp.service.UserEntityServiceImpl    : User found
2024-06-22T17:19:08.311+05:30  INFO 3828 --- [npp] [http-nio-8080-exec-6] c.project.npp.controller.AuthController  : signin
2024-06-22T17:19:08.317+05:30  INFO 3828 --- [npp] [http-nio-8080-exec-6] c.p.npp.service.UserEntityServiceImpl    : User found
2024-06-22T17:19:08.500+05:30  INFO 3828 --- [npp] [http-nio-8080-exec-6] c.project.npp.service.RoleServiceImpl    : Role found
2024-06-22T17:19:08.502+05:30  INFO 3828 --- [npp] [http-nio-8080-exec-6] c.p.npp.service.OperatorServiceImpl      : Operator found
2024-06-22T17:19:08.506+05:30  INFO 3828 --- [npp] [http-nio-8080-exec-6] c.p.npp.service.UserEntityServiceImpl    : User added successfully !!
2024-06-22T17:19:08.506+05:30  INFO 3828 --- [npp] [http-nio-8080-exec-6] c.project.npp.controller.AuthController  : User registered successfully!
2024-06-22T17:19:31.305+05:30  INFO 3828 --- [npp] [http-nio-8080-exec-7] c.p.npp.service.UserEntityServiceImpl    : User found
2024-06-22T17:19:31.312+05:30  INFO 3828 --- [npp] [http-nio-8080-exec-7] c.project.npp.controller.AuthController  : signin
2024-06-22T17:19:31.317+05:30  INFO 3828 --- [npp] [http-nio-8080-exec-7] c.p.npp.service.UserEntityServiceImpl    : User found
2024-06-22T17:19:31.618+05:30  INFO 3828 --- [npp] [http-nio-8080-exec-7] c.project.npp.service.RoleServiceImpl    : Role found
2024-06-22T17:19:31.625+05:30  INFO 3828 --- [npp] [http-nio-8080-exec-7] c.p.npp.service.OperatorServiceImpl      : Operator found
2024-06-22T17:19:31.638+05:30  INFO 3828 --- [npp] [http-nio-8080-exec-7] c.p.npp.service.UserEntityServiceImpl    : User added successfully !!
2024-06-22T17:19:31.638+05:30  INFO 3828 --- [npp] [http-nio-8080-exec-7] c.project.npp.controller.AuthController  : User registered successfully!
2024-06-22T17:20:00.245+05:30  INFO 3828 --- [npp] [http-nio-8080-exec-8] c.p.npp.service.UserEntityServiceImpl    : User found
2024-06-22T17:20:00.254+05:30  INFO 3828 --- [npp] [http-nio-8080-exec-8] c.project.npp.controller.AuthController  : signin
2024-06-22T17:20:00.260+05:30  INFO 3828 --- [npp] [http-nio-8080-exec-8] c.p.npp.service.UserEntityServiceImpl    : User found
2024-06-22T17:20:00.550+05:30  INFO 3828 --- [npp] [http-nio-8080-exec-8] c.project.npp.service.RoleServiceImpl    : Role found
2024-06-22T17:20:00.554+05:30  INFO 3828 --- [npp] [http-nio-8080-exec-8] c.p.npp.service.OperatorServiceImpl      : Operator found
2024-06-22T17:20:00.561+05:30  INFO 3828 --- [npp] [http-nio-8080-exec-8] c.p.npp.service.UserEntityServiceImpl    : User added successfully !!
2024-06-22T17:20:00.561+05:30  INFO 3828 --- [npp] [http-nio-8080-exec-8] c.project.npp.controller.AuthController  : User registered successfully!
2024-06-22T17:20:48.173+05:30  INFO 3828 --- [npp] [http-nio-8080-exec-1] c.p.npp.service.UserEntityServiceImpl    : User found
2024-06-22T17:20:48.185+05:30  INFO 3828 --- [npp] [http-nio-8080-exec-1] c.project.npp.service.RoleServiceImpl    : Role found
2024-06-22T17:20:48.187+05:30  INFO 3828 --- [npp] [http-nio-8080-exec-1] c.project.npp.service.RoleServiceImpl    : Role found
2024-06-22T17:20:48.187+05:30  INFO 3828 --- [npp] [http-nio-8080-exec-1] c.project.npp.service.RoleServiceImpl    : Role found
2024-06-22T17:20:48.197+05:30  INFO 3828 --- [npp] [http-nio-8080-exec-1] c.p.npp.service.OperatorServiceImpl      : Operator found
2024-06-22T17:20:48.235+05:30  INFO 3828 --- [npp] [http-nio-8080-exec-1] c.p.npp.service.UserEntityServiceImpl    : Role updated successfully!
2024-06-22T17:20:48.235+05:30  INFO 3828 --- [npp] [http-nio-8080-exec-1] c.p.n.controller.SystemAdminController   : Role updated successfully!
2024-06-22T17:21:11.608+05:30  INFO 3828 --- [npp] [http-nio-8080-exec-9] c.p.npp.service.UserEntityServiceImpl    : User found
2024-06-22T17:21:11.611+05:30  INFO 3828 --- [npp] [http-nio-8080-exec-9] c.project.npp.service.RoleServiceImpl    : Role found
2024-06-22T17:21:11.611+05:30  INFO 3828 --- [npp] [http-nio-8080-exec-9] c.project.npp.service.RoleServiceImpl    : Role found
2024-06-22T17:21:11.628+05:30  INFO 3828 --- [npp] [http-nio-8080-exec-9] c.project.npp.service.RoleServiceImpl    : Role found
2024-06-22T17:21:11.632+05:30  INFO 3828 --- [npp] [http-nio-8080-exec-9] c.p.npp.service.OperatorServiceImpl      : Operator found
2024-06-22T17:21:11.650+05:30  INFO 3828 --- [npp] [http-nio-8080-exec-9] c.p.npp.service.UserEntityServiceImpl    : Role updated successfully!
2024-06-22T17:21:11.650+05:30  INFO 3828 --- [npp] [http-nio-8080-exec-9] c.p.n.controller.SystemAdminController   : Role updated successfully!
2024-06-22T17:21:47.249+05:30  INFO 3828 --- [npp] [http-nio-8080-exec-2] c.p.npp.service.UserEntityServiceImpl    : User found
2024-06-22T17:21:47.258+05:30  INFO 3828 --- [npp] [http-nio-8080-exec-2] c.project.npp.controller.AuthController  : signin
2024-06-22T17:21:47.267+05:30  INFO 3828 --- [npp] [http-nio-8080-exec-2] c.p.npp.service.UserEntityServiceImpl    : User found
2024-06-22T17:24:27.423+05:30  WARN 3828 --- [npp] [HikariPool-1 housekeeper] com.zaxxer.hikari.pool.HikariPool        : HikariPool-1 - Thread starvation or clock leap detected (housekeeper delta=2m26s143ms841µs700ns).
2024-06-22T17:25:21.448+05:30  INFO 3828 --- [npp] [http-nio-8080-exec-3] c.p.npp.service.UserEntityServiceImpl    : User found
2024-06-22T17:25:21.464+05:30  INFO 3828 --- [npp] [http-nio-8080-exec-3] c.p.n.c.CustomerServiceController        : Add customer
2024-06-22T17:25:21.467+05:30  INFO 3828 --- [npp] [http-nio-8080-exec-3] c.p.npp.service.UserEntityServiceImpl    : User found
2024-06-22T17:25:21.475+05:30  INFO 3828 --- [npp] [http-nio-8080-exec-3] c.p.npp.service.OperatorServiceImpl      : Operator found
2024-06-22T17:25:21.475+05:30  INFO 3828 --- [npp] [http-nio-8080-exec-3] c.p.npp.service.UserEntityServiceImpl    : User found
2024-06-22T17:25:21.475+05:30  INFO 3828 --- [npp] [http-nio-8080-exec-3] c.project.npp.service.RoleServiceImpl    : Role found
2024-06-22T17:25:21.475+05:30  INFO 3828 --- [npp] [http-nio-8080-exec-3] c.project.npp.service.RoleServiceImpl    : Role found
2024-06-22T17:25:21.475+05:30  INFO 3828 --- [npp] [http-nio-8080-exec-3] c.project.npp.service.RoleServiceImpl    : Role found
2024-06-22T17:25:21.490+05:30  INFO 3828 --- [npp] [http-nio-8080-exec-3] c.p.npp.service.OperatorServiceImpl      : Operator found
2024-06-22T17:25:21.499+05:30  INFO 3828 --- [npp] [http-nio-8080-exec-3] c.p.npp.service.UserEntityServiceImpl    : Role updated successfully!
2024-06-22T17:25:21.506+05:30  INFO 3828 --- [npp] [http-nio-8080-exec-3] c.p.npp.service.CustomerServiceImpl      : Customer found
2024-06-22T17:25:21.506+05:30  INFO 3828 --- [npp] [http-nio-8080-exec-3] c.p.n.c.CustomerServiceController        : Customer added successfully!
2024-06-22T17:26:09.189+05:30  INFO 3828 --- [npp] [http-nio-8080-exec-5] c.p.npp.service.UserEntityServiceImpl    : User found
2024-06-22T17:26:09.189+05:30  INFO 3828 --- [npp] [http-nio-8080-exec-5] c.p.n.c.CustomerServiceController        : Add customer
2024-06-22T17:26:09.196+05:30  INFO 3828 --- [npp] [http-nio-8080-exec-5] c.p.npp.service.UserEntityServiceImpl    : User found
2024-06-22T17:26:09.204+05:30  INFO 3828 --- [npp] [http-nio-8080-exec-5] c.p.npp.service.OperatorServiceImpl      : Operator found
2024-06-22T17:26:09.204+05:30  INFO 3828 --- [npp] [http-nio-8080-exec-5] c.p.npp.service.UserEntityServiceImpl    : User found
2024-06-22T17:26:09.212+05:30  INFO 3828 --- [npp] [http-nio-8080-exec-5] c.project.npp.service.RoleServiceImpl    : Role found
2024-06-22T17:26:09.212+05:30  INFO 3828 --- [npp] [http-nio-8080-exec-5] c.project.npp.service.RoleServiceImpl    : Role found
2024-06-22T17:26:09.212+05:30  INFO 3828 --- [npp] [http-nio-8080-exec-5] c.project.npp.service.RoleServiceImpl    : Role found
2024-06-22T17:26:09.219+05:30  INFO 3828 --- [npp] [http-nio-8080-exec-5] c.p.npp.service.OperatorServiceImpl      : Operator found
2024-06-22T17:26:09.230+05:30  INFO 3828 --- [npp] [http-nio-8080-exec-5] c.p.npp.service.UserEntityServiceImpl    : Role updated successfully!
2024-06-22T17:26:09.237+05:30  INFO 3828 --- [npp] [http-nio-8080-exec-5] c.p.npp.service.CustomerServiceImpl      : Customer found
2024-06-22T17:26:09.237+05:30  INFO 3828 --- [npp] [http-nio-8080-exec-5] c.p.n.c.CustomerServiceController        : Customer added successfully!
2024-06-22T17:26:47.689+05:30  INFO 3828 --- [npp] [http-nio-8080-exec-6] c.p.npp.service.UserEntityServiceImpl    : User found
2024-06-22T17:26:47.689+05:30  INFO 3828 --- [npp] [http-nio-8080-exec-6] c.p.n.c.CustomerServiceController        : Add customer
2024-06-22T17:26:47.704+05:30  INFO 3828 --- [npp] [http-nio-8080-exec-6] c.p.npp.service.UserEntityServiceImpl    : User found
2024-06-22T17:26:47.704+05:30  INFO 3828 --- [npp] [http-nio-8080-exec-6] c.p.npp.service.OperatorServiceImpl      : Operator found
2024-06-22T17:26:47.721+05:30  INFO 3828 --- [npp] [http-nio-8080-exec-6] c.p.npp.service.UserEntityServiceImpl    : User found
2024-06-22T17:26:47.721+05:30  INFO 3828 --- [npp] [http-nio-8080-exec-6] c.project.npp.service.RoleServiceImpl    : Role found
2024-06-22T17:26:47.721+05:30  INFO 3828 --- [npp] [http-nio-8080-exec-6] c.project.npp.service.RoleServiceImpl    : Role found
2024-06-22T17:26:47.721+05:30  INFO 3828 --- [npp] [http-nio-8080-exec-6] c.project.npp.service.RoleServiceImpl    : Role found
2024-06-22T17:26:47.721+05:30  INFO 3828 --- [npp] [http-nio-8080-exec-6] c.p.npp.service.OperatorServiceImpl      : Operator found
2024-06-22T17:26:47.744+05:30  INFO 3828 --- [npp] [http-nio-8080-exec-6] c.p.npp.service.UserEntityServiceImpl    : Role updated successfully!
2024-06-22T17:26:47.754+05:30  INFO 3828 --- [npp] [http-nio-8080-exec-6] c.p.npp.service.CustomerServiceImpl      : Customer found
2024-06-22T17:26:47.754+05:30  INFO 3828 --- [npp] [http-nio-8080-exec-6] c.p.n.c.CustomerServiceController        : Customer added successfully!
2024-06-22T17:27:37.277+05:30  INFO 3828 --- [npp] [http-nio-8080-exec-7] c.p.npp.service.UserEntityServiceImpl    : User found
2024-06-22T17:27:37.277+05:30  INFO 3828 --- [npp] [http-nio-8080-exec-7] c.p.n.c.CustomerServiceController        : Add customer
2024-06-22T17:27:37.293+05:30  INFO 3828 --- [npp] [http-nio-8080-exec-7] c.p.npp.service.UserEntityServiceImpl    : User found
2024-06-22T17:27:37.293+05:30  INFO 3828 --- [npp] [http-nio-8080-exec-7] c.p.npp.service.OperatorServiceImpl      : Operator found
2024-06-22T17:27:37.293+05:30  INFO 3828 --- [npp] [http-nio-8080-exec-7] c.p.npp.service.UserEntityServiceImpl    : User found
2024-06-22T17:27:37.293+05:30  INFO 3828 --- [npp] [http-nio-8080-exec-7] c.project.npp.service.RoleServiceImpl    : Role found
2024-06-22T17:27:37.315+05:30  INFO 3828 --- [npp] [http-nio-8080-exec-7] c.project.npp.service.RoleServiceImpl    : Role found
2024-06-22T17:27:37.315+05:30  INFO 3828 --- [npp] [http-nio-8080-exec-7] c.project.npp.service.RoleServiceImpl    : Role found
2024-06-22T17:27:37.315+05:30  INFO 3828 --- [npp] [http-nio-8080-exec-7] c.p.npp.service.OperatorServiceImpl      : Operator found
2024-06-22T17:27:37.330+05:30  INFO 3828 --- [npp] [http-nio-8080-exec-7] c.p.npp.service.UserEntityServiceImpl    : Role updated successfully!
2024-06-22T17:27:37.362+05:30  INFO 3828 --- [npp] [http-nio-8080-exec-7] c.p.npp.service.CustomerServiceImpl      : Customer found
2024-06-22T17:27:37.362+05:30  INFO 3828 --- [npp] [http-nio-8080-exec-7] c.p.n.c.CustomerServiceController        : Customer added successfully!
2024-06-22T17:29:05.782+05:30  INFO 3828 --- [npp] [http-nio-8080-exec-1] c.p.npp.service.UserEntityServiceImpl    : User found
2024-06-22T17:29:05.792+05:30  INFO 3828 --- [npp] [http-nio-8080-exec-1] c.p.n.c.CustomerServiceController        : Submit port request
2024-06-22T17:29:05.792+05:30  INFO 3828 --- [npp] [http-nio-8080-exec-1] c.p.npp.service.CustomerServiceImpl      : Customer found
2024-06-22T17:29:05.811+05:30  INFO 3828 --- [npp] [http-nio-8080-exec-1] c.p.npp.service.PortRequestServiceImpl   : Port request added successfully
2024-06-22T17:29:05.811+05:30  INFO 3828 --- [npp] [http-nio-8080-exec-1] c.p.n.c.CustomerServiceController        : Portrequest added successfully!
2024-06-22T17:29:05.826+05:30  INFO 3828 --- [npp] [http-nio-8080-exec-1] c.p.n.c.CustomerServiceController        : Log added successfully!
2024-06-22T17:29:16.858+05:30  INFO 3828 --- [npp] [http-nio-8080-exec-9] c.p.npp.service.UserEntityServiceImpl    : User found
2024-06-22T17:29:16.873+05:30  INFO 3828 --- [npp] [http-nio-8080-exec-9] c.p.n.c.CustomerServiceController        : Submit port request
2024-06-22T17:29:16.889+05:30  INFO 3828 --- [npp] [http-nio-8080-exec-9] c.p.npp.service.CustomerServiceImpl      : Customer found
2024-06-22T17:29:16.914+05:30  INFO 3828 --- [npp] [http-nio-8080-exec-9] c.p.npp.service.PortRequestServiceImpl   : Port request added successfully
2024-06-22T17:29:16.914+05:30  INFO 3828 --- [npp] [http-nio-8080-exec-9] c.p.n.c.CustomerServiceController        : Portrequest added successfully!
2024-06-22T17:29:16.922+05:30  INFO 3828 --- [npp] [http-nio-8080-exec-9] c.p.n.c.CustomerServiceController        : Log added successfully!
2024-06-22T17:29:43.093+05:30  INFO 3828 --- [npp] [http-nio-8080-exec-2] c.p.npp.service.UserEntityServiceImpl    : User found
2024-06-22T17:29:43.101+05:30  INFO 3828 --- [npp] [http-nio-8080-exec-2] c.p.n.c.CustomerServiceController        : Submit port request
2024-06-22T17:29:43.101+05:30  INFO 3828 --- [npp] [http-nio-8080-exec-2] c.p.npp.service.CustomerServiceImpl      : Customer found
2024-06-22T17:29:43.117+05:30  INFO 3828 --- [npp] [http-nio-8080-exec-2] c.p.npp.service.PortRequestServiceImpl   : Port request added successfully
2024-06-22T17:29:43.117+05:30  INFO 3828 --- [npp] [http-nio-8080-exec-2] c.p.n.c.CustomerServiceController        : Portrequest added successfully!
2024-06-22T17:29:43.117+05:30  INFO 3828 --- [npp] [http-nio-8080-exec-2] c.p.n.c.CustomerServiceController        : Log added successfully!
2024-06-22T17:29:54.035+05:30  INFO 3828 --- [npp] [http-nio-8080-exec-10] c.p.npp.service.UserEntityServiceImpl    : User found
2024-06-22T17:29:54.038+05:30  INFO 3828 --- [npp] [http-nio-8080-exec-10] c.p.n.c.CustomerServiceController        : Submit port request
2024-06-22T17:29:54.040+05:30  INFO 3828 --- [npp] [http-nio-8080-exec-10] c.p.npp.service.CustomerServiceImpl      : Customer found
2024-06-22T17:29:54.057+05:30  INFO 3828 --- [npp] [http-nio-8080-exec-10] c.p.npp.service.PortRequestServiceImpl   : Port request added successfully
2024-06-22T17:29:54.057+05:30  INFO 3828 --- [npp] [http-nio-8080-exec-10] c.p.n.c.CustomerServiceController        : Portrequest added successfully!
2024-06-22T17:29:54.083+05:30  INFO 3828 --- [npp] [http-nio-8080-exec-10] c.p.n.c.CustomerServiceController        : Log added successfully!
2024-06-22T17:32:02.720+05:30  INFO 3828 --- [npp] [http-nio-8080-exec-4] c.p.npp.service.UserEntityServiceImpl    : User found
2024-06-22T17:32:02.720+05:30  INFO 3828 --- [npp] [http-nio-8080-exec-4] c.project.npp.controller.AuthController  : signin
2024-06-22T17:32:02.720+05:30  INFO 3828 --- [npp] [http-nio-8080-exec-4] c.p.npp.service.UserEntityServiceImpl    : User found
2024-06-22T17:32:37.254+05:30  INFO 3828 --- [npp] [http-nio-8080-exec-5] c.p.npp.service.UserEntityServiceImpl    : User found
2024-06-22T17:33:14.130+05:30  INFO 3828 --- [npp] [http-nio-8080-exec-6] c.p.npp.service.UserEntityServiceImpl    : User found
2024-06-22T17:33:14.136+05:30  INFO 3828 --- [npp] [http-nio-8080-exec-6] c.p.n.c.ComplianceOfficerController      : Update log
2024-06-22T17:33:14.173+05:30  INFO 3828 --- [npp] [http-nio-8080-exec-6] c.p.npp.service.CustomerServiceImpl      : Customer found
2024-06-22T17:33:14.173+05:30  INFO 3828 --- [npp] [http-nio-8080-exec-6] c.p.npp.service.CustomerServiceImpl      : Customer found
2024-06-22T17:33:14.189+05:30  INFO 3828 --- [npp] [http-nio-8080-exec-6] c.p.npp.service.PortRequestServiceImpl   : Port request found
2024-06-22T17:33:14.189+05:30  INFO 3828 --- [npp] [http-nio-8080-exec-6] c.p.n.c.ComplianceOfficerController      : Log found
2024-06-22T17:33:19.521+05:30  INFO 3828 --- [npp] [http-nio-8080-exec-7] c.p.npp.service.UserEntityServiceImpl    : User found
2024-06-22T17:33:19.521+05:30  INFO 3828 --- [npp] [http-nio-8080-exec-7] c.p.n.c.ComplianceOfficerController      : Update log
2024-06-22T17:33:19.544+05:30  INFO 3828 --- [npp] [http-nio-8080-exec-7] c.p.npp.service.CustomerServiceImpl      : Customer found
2024-06-22T17:33:19.554+05:30  INFO 3828 --- [npp] [http-nio-8080-exec-7] c.p.npp.service.CustomerServiceImpl      : Customer found
2024-06-22T17:33:19.564+05:30  INFO 3828 --- [npp] [http-nio-8080-exec-7] c.p.npp.service.PortRequestServiceImpl   : Port request found
2024-06-22T17:33:19.564+05:30  INFO 3828 --- [npp] [http-nio-8080-exec-7] c.p.n.c.ComplianceOfficerController      : Log found
2024-06-22T17:33:24.943+05:30  INFO 3828 --- [npp] [http-nio-8080-exec-8] c.p.npp.service.UserEntityServiceImpl    : User found
2024-06-22T17:33:24.944+05:30  INFO 3828 --- [npp] [http-nio-8080-exec-8] c.p.n.c.ComplianceOfficerController      : Update log
2024-06-22T17:33:24.969+05:30  INFO 3828 --- [npp] [http-nio-8080-exec-8] c.p.npp.service.CustomerServiceImpl      : Customer found
2024-06-22T17:33:24.986+05:30  INFO 3828 --- [npp] [http-nio-8080-exec-8] c.p.npp.service.CustomerServiceImpl      : Customer found
2024-06-22T17:33:24.987+05:30  INFO 3828 --- [npp] [http-nio-8080-exec-8] c.p.npp.service.PortRequestServiceImpl   : Port request found
2024-06-22T17:33:24.987+05:30  INFO 3828 --- [npp] [http-nio-8080-exec-8] c.p.n.c.ComplianceOfficerController      : Log found
2024-06-22T17:33:29.952+05:30  INFO 3828 --- [npp] [http-nio-8080-exec-1] c.p.npp.service.UserEntityServiceImpl    : User found
2024-06-22T17:33:29.968+05:30  INFO 3828 --- [npp] [http-nio-8080-exec-1] c.p.n.c.ComplianceOfficerController      : Update log
2024-06-22T17:33:30.003+05:30  INFO 3828 --- [npp] [http-nio-8080-exec-1] c.p.npp.service.CustomerServiceImpl      : Customer found
2024-06-22T17:33:30.003+05:30  INFO 3828 --- [npp] [http-nio-8080-exec-1] c.p.npp.service.CustomerServiceImpl      : Customer found
2024-06-22T17:33:30.018+05:30  INFO 3828 --- [npp] [http-nio-8080-exec-1] c.p.npp.service.PortRequestServiceImpl   : Port request found
2024-06-22T17:33:30.018+05:30  INFO 3828 --- [npp] [http-nio-8080-exec-1] c.p.n.c.ComplianceOfficerController      : Log found
2024-06-22T17:34:54.985+05:30  INFO 3828 --- [npp] [http-nio-8080-exec-2] c.p.npp.service.UserEntityServiceImpl    : User found
2024-06-22T17:34:54.985+05:30  INFO 3828 --- [npp] [http-nio-8080-exec-2] c.project.npp.controller.AuthController  : signin
2024-06-22T17:34:54.994+05:30  INFO 3828 --- [npp] [http-nio-8080-exec-2] c.p.npp.service.UserEntityServiceImpl    : User found
2024-06-22T17:35:22.230+05:30  INFO 3828 --- [npp] [http-nio-8080-exec-10] c.p.npp.service.UserEntityServiceImpl    : User found
2024-06-22T17:35:22.230+05:30  INFO 3828 --- [npp] [http-nio-8080-exec-10] c.p.n.c.CustomerServiceController        : Submit port request
2024-06-22T17:35:22.245+05:30  INFO 3828 --- [npp] [http-nio-8080-exec-10] c.p.npp.service.CustomerServiceImpl      : Customer found
2024-06-22T17:35:22.258+05:30  INFO 3828 --- [npp] [http-nio-8080-exec-10] c.p.npp.service.PortRequestServiceImpl   : Port request added successfully
2024-06-22T17:35:22.258+05:30  INFO 3828 --- [npp] [http-nio-8080-exec-10] c.p.n.c.CustomerServiceController        : Portrequest added successfully!
2024-06-22T17:35:22.264+05:30  INFO 3828 --- [npp] [http-nio-8080-exec-10] c.p.n.c.CustomerServiceController        : Log added successfully!
2024-06-22T17:42:12.530+05:30  INFO 3828 --- [npp] [http-nio-8080-exec-4] c.p.npp.service.UserEntityServiceImpl    : User found
2024-06-22T17:42:12.531+05:30  INFO 3828 --- [npp] [http-nio-8080-exec-4] c.project.npp.controller.AuthController  : signin
2024-06-22T17:42:12.541+05:30  INFO 3828 --- [npp] [http-nio-8080-exec-4] c.p.npp.service.UserEntityServiceImpl    : User found
2024-06-22T17:43:14.149+05:30  INFO 3828 --- [npp] [http-nio-8080-exec-6] c.p.npp.service.UserEntityServiceImpl    : User found
2024-06-22T17:43:14.149+05:30  INFO 3828 --- [npp] [http-nio-8080-exec-6] c.p.n.c.ComplianceOfficerController      : Update log
2024-06-22T17:43:14.179+05:30  INFO 3828 --- [npp] [http-nio-8080-exec-6] c.p.npp.service.CustomerServiceImpl      : Customer found
2024-06-22T17:43:14.179+05:30  INFO 3828 --- [npp] [http-nio-8080-exec-6] c.p.npp.service.CustomerServiceImpl      : Customer found
2024-06-22T17:43:14.179+05:30  INFO 3828 --- [npp] [http-nio-8080-exec-6] c.p.npp.service.PortRequestServiceImpl   : Port request found
2024-06-22T17:43:14.179+05:30  INFO 3828 --- [npp] [http-nio-8080-exec-6] c.p.n.c.ComplianceOfficerController      : Log found
2024-06-22T17:52:56.041+05:30  INFO 3828 --- [npp] [File Watcher] rtingClassPathChangeChangedEventListener : Restarting due to 2 class path changes (0 additions, 0 deletions, 2 modifications)
2024-06-22T17:52:56.062+05:30  INFO 3828 --- [npp] [Thread-5] j.LocalContainerEntityManagerFactoryBean : Closing JPA EntityManagerFactory for persistence unit 'default'
2024-06-22T17:52:56.065+05:30  INFO 3828 --- [npp] [Thread-5] com.zaxxer.hikari.HikariDataSource       : HikariPool-1 - Shutdown initiated...
2024-06-22T17:52:56.068+05:30  INFO 3828 --- [npp] [Thread-5] com.zaxxer.hikari.HikariDataSource       : HikariPool-1 - Shutdown completed.
2024-06-22T17:52:56.203+05:30  INFO 3828 --- [npp] [restartedMain] com.project.npp.NppApplication           : Starting NppApplication using Java 17.0.9 with PID 3828 (D:\NumberPortabilityPortal\npp_stage_2\npp\backend\target\classes started by supriya.j in D:\NumberPortabilityPortal\npp_stage_2\npp\backend)
2024-06-22T17:52:56.204+05:30  INFO 3828 --- [npp] [restartedMain] com.project.npp.NppApplication           : No active profile set, falling back to 1 default profile: "default"
2024-06-22T17:52:56.369+05:30  INFO 3828 --- [npp] [restartedMain] .s.d.r.c.RepositoryConfigurationDelegate : Bootstrapping Spring Data JPA repositories in DEFAULT mode.
2024-06-22T17:52:56.398+05:30  INFO 3828 --- [npp] [restartedMain] .s.d.r.c.RepositoryConfigurationDelegate : Finished Spring Data repository scanning in 28 ms. Found 7 JPA repository interfaces.
2024-06-22T17:52:56.482+05:30  INFO 3828 --- [npp] [restartedMain] o.s.b.w.embedded.tomcat.TomcatWebServer  : Tomcat initialized with port 8080 (http)
2024-06-22T17:52:56.483+05:30  INFO 3828 --- [npp] [restartedMain] o.apache.catalina.core.StandardService   : Starting service [Tomcat]
2024-06-22T17:52:56.483+05:30  INFO 3828 --- [npp] [restartedMain] o.apache.catalina.core.StandardEngine    : Starting Servlet engine: [Apache Tomcat/10.1.24]
2024-06-22T17:52:56.501+05:30  INFO 3828 --- [npp] [restartedMain] o.a.c.c.C.[Tomcat].[localhost].[/]       : Initializing Spring embedded WebApplicationContext
2024-06-22T17:52:56.502+05:30  INFO 3828 --- [npp] [restartedMain] w.s.c.ServletWebServerApplicationContext : Root WebApplicationContext: initialization completed in 297 ms
2024-06-22T17:52:56.529+05:30  INFO 3828 --- [npp] [restartedMain] o.hibernate.jpa.internal.util.LogHelper  : HHH000204: Processing PersistenceUnitInfo [name: default]
2024-06-22T17:52:56.530+05:30  INFO 3828 --- [npp] [restartedMain] o.h.c.internal.RegionFactoryInitiator    : HHH000026: Second-level cache disabled
2024-06-22T17:52:56.538+05:30  INFO 3828 --- [npp] [restartedMain] o.s.o.j.p.SpringPersistenceUnitInfo      : No LoadTimeWeaver setup: ignoring JPA class transformer
2024-06-22T17:52:56.538+05:30  INFO 3828 --- [npp] [restartedMain] com.zaxxer.hikari.HikariDataSource       : HikariPool-2 - Starting...
2024-06-22T17:52:56.547+05:30  INFO 3828 --- [npp] [restartedMain] com.zaxxer.hikari.pool.HikariPool        : HikariPool-2 - Added connection com.mysql.cj.jdbc.ConnectionImpl@3ae7188a
2024-06-22T17:52:56.547+05:30  INFO 3828 --- [npp] [restartedMain] com.zaxxer.hikari.HikariDataSource       : HikariPool-2 - Start completed.
2024-06-22T17:52:56.550+05:30  WARN 3828 --- [npp] [restartedMain] org.hibernate.dialect.Dialect            : HHH000511: The 5.7.44 version for [org.hibernate.dialect.MySQLDialect] is no longer supported, hence certain features may not work properly. The minimum supported version is 8.0.0. Check the community dialects project for available legacy versions.
2024-06-22T17:52:56.551+05:30  WARN 3828 --- [npp] [restartedMain] org.hibernate.orm.deprecation            : HHH90000025: MySQLDialect does not need to be specified explicitly using 'hibernate.dialect' (remove the property setting and it will be selected by default)
2024-06-22T17:52:56.655+05:30  INFO 3828 --- [npp] [restartedMain] o.h.e.t.j.p.i.JtaPlatformInitiator       : HHH000489: No JTA platform available (set 'hibernate.transaction.jta.platform' to enable JTA platform integration)
2024-06-22T17:52:56.694+05:30  INFO 3828 --- [npp] [restartedMain] j.LocalContainerEntityManagerFactoryBean : Initialized JPA EntityManagerFactory for persistence unit 'default'
2024-06-22T17:52:56.761+05:30  INFO 3828 --- [npp] [restartedMain] eAuthenticationProviderManagerConfigurer : Global AuthenticationManager configured with AuthenticationProvider bean with name authenticationProvider
2024-06-22T17:52:56.762+05:30  WARN 3828 --- [npp] [restartedMain] r$InitializeUserDetailsManagerConfigurer : Global AuthenticationManager configured with an AuthenticationProvider bean. UserDetailsService beans will not be used for username/password login. Consider removing the AuthenticationProvider bean. Alternatively, consider using the UserDetailsService in a manually instantiated DaoAuthenticationProvider.
2024-06-22T17:52:56.821+05:30  WARN 3828 --- [npp] [restartedMain] JpaBaseConfiguration$JpaWebConfiguration : spring.jpa.open-in-view is enabled by default. Therefore, database queries may be performed during view rendering. Explicitly configure spring.jpa.open-in-view to disable this warning
2024-06-22T17:52:56.877+05:30  INFO 3828 --- [npp] [restartedMain] o.s.s.web.DefaultSecurityFilterChain     : Will secure any request with [org.springframework.security.web.session.DisableEncodeUrlFilter@5594708a, org.springframework.security.web.context.request.async.WebAsyncManagerIntegrationFilter@5b58e5a9, org.springframework.security.web.context.SecurityContextHolderFilter@9048de4, org.springframework.security.web.header.HeaderWriterFilter@17100093, org.springframework.web.filter.CorsFilter@641d4246, org.springframework.security.web.authentication.logout.LogoutFilter@4ba8bd4c, com.project.npp.security.jwt.AuthTokenFilter@3dbd76d9, org.springframework.security.web.savedrequest.RequestCacheAwareFilter@111478db, org.springframework.security.web.servletapi.SecurityContextHolderAwareRequestFilter@617f6f2, org.springframework.security.web.authentication.AnonymousAuthenticationFilter@2c7b174d, org.springframework.security.web.session.SessionManagementFilter@345a8860, org.springframework.security.web.access.ExceptionTranslationFilter@672fe4e3, org.springframework.security.web.access.intercept.AuthorizationFilter@40d11fef]
2024-06-22T17:52:56.931+05:30  INFO 3828 --- [npp] [restartedMain] o.s.b.d.a.OptionalLiveReloadServer       : LiveReload server is running on port 35729
2024-06-22T17:52:56.942+05:30  INFO 3828 --- [npp] [restartedMain] o.s.b.w.embedded.tomcat.TomcatWebServer  : Tomcat started on port 8080 (http) with context path '/'
2024-06-22T17:52:56.946+05:30  INFO 3828 --- [npp] [restartedMain] com.project.npp.NppApplication           : Started NppApplication in 0.815 seconds (process running for 95432.373)
2024-06-22T17:52:56.948+05:30  INFO 3828 --- [npp] [restartedMain] .ConditionEvaluationDeltaLoggingListener : Condition evaluation unchanged
2024-06-22T17:57:14.422+05:30  INFO 3828 --- [npp] [RMI TCP Connection(51)-127.0.0.1] inMXBeanRegistrar$SpringApplicationAdmin : Application shutdown requested.
2024-06-22T17:57:14.441+05:30  INFO 3828 --- [npp] [RMI TCP Connection(51)-127.0.0.1] j.LocalContainerEntityManagerFactoryBean : Closing JPA EntityManagerFactory for persistence unit 'default'
2024-06-22T17:57:14.441+05:30  INFO 3828 --- [npp] [RMI TCP Connection(51)-127.0.0.1] com.zaxxer.hikari.HikariDataSource       : HikariPool-2 - Shutdown initiated...
2024-06-22T17:57:14.445+05:30  INFO 3828 --- [npp] [RMI TCP Connection(51)-127.0.0.1] com.zaxxer.hikari.HikariDataSource       : HikariPool-2 - Shutdown completed.
2024-06-22T23:44:23.742+05:30  INFO 17244 --- [npp] [restartedMain] com.project.npp.NppApplication           : Starting NppApplication using Java 17.0.9 with PID 17244 (D:\NumberPortabilityPortal\npp_stage_2\npp\backend\target\classes started by supriya.j in D:\NumberPortabilityPortal\npp_stage_2\npp\backend)
2024-06-22T23:44:23.746+05:30  INFO 17244 --- [npp] [restartedMain] com.project.npp.NppApplication           : No active profile set, falling back to 1 default profile: "default"
2024-06-22T23:44:23.834+05:30  INFO 17244 --- [npp] [restartedMain] .e.DevToolsPropertyDefaultsPostProcessor : Devtools property defaults active! Set 'spring.devtools.add-properties' to 'false' to disable
2024-06-22T23:44:23.835+05:30  INFO 17244 --- [npp] [restartedMain] .e.DevToolsPropertyDefaultsPostProcessor : For additional web related logging consider setting the 'logging.level.web' property to 'DEBUG'
2024-06-22T23:44:25.247+05:30  INFO 17244 --- [npp] [restartedMain] .s.d.r.c.RepositoryConfigurationDelegate : Bootstrapping Spring Data JPA repositories in DEFAULT mode.
2024-06-22T23:44:25.408+05:30  INFO 17244 --- [npp] [restartedMain] .s.d.r.c.RepositoryConfigurationDelegate : Finished Spring Data repository scanning in 147 ms. Found 7 JPA repository interfaces.
2024-06-22T23:44:25.912+05:30  INFO 11628 --- [npp] [main] com.project.npp.NppApplicationTests      : Starting NppApplicationTests using Java 17.0.9 with PID 11628 (started by supriya.j in D:\NumberPortabilityPortal\npp_stage_2\npp\backend)
2024-06-22T23:44:25.915+05:30  INFO 11628 --- [npp] [main] com.project.npp.NppApplicationTests      : No active profile set, falling back to 1 default profile: "default"
2024-06-22T23:44:26.256+05:30  INFO 17244 --- [npp] [restartedMain] o.s.b.w.embedded.tomcat.TomcatWebServer  : Tomcat initialized with port 8080 (http)
2024-06-22T23:44:26.281+05:30  INFO 17244 --- [npp] [restartedMain] o.apache.catalina.core.StandardService   : Starting service [Tomcat]
2024-06-22T23:44:26.282+05:30  INFO 17244 --- [npp] [restartedMain] o.apache.catalina.core.StandardEngine    : Starting Servlet engine: [Apache Tomcat/10.1.24]
2024-06-22T23:44:26.415+05:30  INFO 17244 --- [npp] [restartedMain] o.a.c.c.C.[Tomcat].[localhost].[/]       : Initializing Spring embedded WebApplicationContext
2024-06-22T23:44:26.416+05:30  INFO 17244 --- [npp] [restartedMain] w.s.c.ServletWebServerApplicationContext : Root WebApplicationContext: initialization completed in 2580 ms
2024-06-22T23:44:26.686+05:30  INFO 17244 --- [npp] [restartedMain] o.hibernate.jpa.internal.util.LogHelper  : HHH000204: Processing PersistenceUnitInfo [name: default]
2024-06-22T23:44:26.808+05:30  INFO 17244 --- [npp] [restartedMain] org.hibernate.Version                    : HHH000412: Hibernate ORM core version 6.5.2.Final
2024-06-22T23:44:26.890+05:30  INFO 17244 --- [npp] [restartedMain] o.h.c.internal.RegionFactoryInitiator    : HHH000026: Second-level cache disabled
2024-06-22T23:44:27.390+05:30  INFO 17244 --- [npp] [restartedMain] o.s.o.j.p.SpringPersistenceUnitInfo      : No LoadTimeWeaver setup: ignoring JPA class transformer
2024-06-22T23:44:27.447+05:30  INFO 17244 --- [npp] [restartedMain] com.zaxxer.hikari.HikariDataSource       : HikariPool-1 - Starting...
2024-06-22T23:44:27.904+05:30  INFO 11628 --- [npp] [main] .s.d.r.c.RepositoryConfigurationDelegate : Bootstrapping Spring Data JPA repositories in DEFAULT mode.
2024-06-22T23:44:27.912+05:30  INFO 17244 --- [npp] [restartedMain] com.zaxxer.hikari.pool.HikariPool        : HikariPool-1 - Added connection com.mysql.cj.jdbc.ConnectionImpl@75f74743
2024-06-22T23:44:27.914+05:30  INFO 17244 --- [npp] [restartedMain] com.zaxxer.hikari.HikariDataSource       : HikariPool-1 - Start completed.
2024-06-22T23:44:27.980+05:30  WARN 17244 --- [npp] [restartedMain] org.hibernate.dialect.Dialect            : HHH000511: The 5.7.44 version for [org.hibernate.dialect.MySQLDialect] is no longer supported, hence certain features may not work properly. The minimum supported version is 8.0.0. Check the community dialects project for available legacy versions.
2024-06-22T23:44:27.985+05:30  WARN 17244 --- [npp] [restartedMain] org.hibernate.orm.deprecation            : HHH90000025: MySQLDialect does not need to be specified explicitly using 'hibernate.dialect' (remove the property setting and it will be selected by default)
2024-06-22T23:44:28.090+05:30  INFO 11628 --- [npp] [main] .s.d.r.c.RepositoryConfigurationDelegate : Finished Spring Data repository scanning in 164 ms. Found 7 JPA repository interfaces.
2024-06-22T23:44:29.189+05:30  INFO 11628 --- [npp] [main] o.hibernate.jpa.internal.util.LogHelper  : HHH000204: Processing PersistenceUnitInfo [name: default]
2024-06-22T23:44:29.323+05:30  INFO 11628 --- [npp] [main] org.hibernate.Version                    : HHH000412: Hibernate ORM core version 6.5.2.Final
2024-06-22T23:44:29.392+05:30  INFO 11628 --- [npp] [main] o.h.c.internal.RegionFactoryInitiator    : HHH000026: Second-level cache disabled
2024-06-22T23:44:29.524+05:30  INFO 17244 --- [npp] [restartedMain] o.h.e.t.j.p.i.JtaPlatformInitiator       : HHH000489: No JTA platform available (set 'hibernate.transaction.jta.platform' to enable JTA platform integration)
2024-06-22T23:44:29.720+05:30  INFO 17244 --- [npp] [restartedMain] j.LocalContainerEntityManagerFactoryBean : Initialized JPA EntityManagerFactory for persistence unit 'default'
2024-06-22T23:44:30.288+05:30  INFO 17244 --- [npp] [restartedMain] eAuthenticationProviderManagerConfigurer : Global AuthenticationManager configured with AuthenticationProvider bean with name authenticationProvider
2024-06-22T23:44:30.289+05:30  INFO 11628 --- [npp] [main] o.s.o.j.p.SpringPersistenceUnitInfo      : No LoadTimeWeaver setup: ignoring JPA class transformer
2024-06-22T23:44:30.289+05:30  WARN 17244 --- [npp] [restartedMain] r$InitializeUserDetailsManagerConfigurer : Global AuthenticationManager configured with an AuthenticationProvider bean. UserDetailsService beans will not be used for username/password login. Consider removing the AuthenticationProvider bean. Alternatively, consider using the UserDetailsService in a manually instantiated DaoAuthenticationProvider.
2024-06-22T23:44:30.373+05:30  INFO 11628 --- [npp] [main] com.zaxxer.hikari.HikariDataSource       : HikariPool-1 - Starting...
2024-06-22T23:44:30.565+05:30  WARN 17244 --- [npp] [restartedMain] JpaBaseConfiguration$JpaWebConfiguration : spring.jpa.open-in-view is enabled by default. Therefore, database queries may be performed during view rendering. Explicitly configure spring.jpa.open-in-view to disable this warning
2024-06-22T23:44:30.998+05:30  INFO 17244 --- [npp] [restartedMain] o.s.s.web.DefaultSecurityFilterChain     : Will secure any request with [org.springframework.security.web.session.DisableEncodeUrlFilter@7ac0a456, org.springframework.security.web.context.request.async.WebAsyncManagerIntegrationFilter@5e81750c, org.springframework.security.web.context.SecurityContextHolderFilter@40642f3c, org.springframework.security.web.header.HeaderWriterFilter@1e6f2688, org.springframework.web.filter.CorsFilter@bed4dcb, org.springframework.security.web.authentication.logout.LogoutFilter@1865c390, com.project.npp.security.jwt.AuthTokenFilter@59d9edec, org.springframework.security.web.savedrequest.RequestCacheAwareFilter@2a510185, org.springframework.security.web.servletapi.SecurityContextHolderAwareRequestFilter@579ada64, org.springframework.security.web.authentication.AnonymousAuthenticationFilter@4bc4fa31, org.springframework.security.web.session.SessionManagementFilter@3bd7bd3e, org.springframework.security.web.access.ExceptionTranslationFilter@7bf4a86b, org.springframework.security.web.access.intercept.AuthorizationFilter@67f873b9]
2024-06-22T23:44:31.053+05:30  INFO 11628 --- [npp] [main] com.zaxxer.hikari.pool.HikariPool        : HikariPool-1 - Added connection com.mysql.cj.jdbc.ConnectionImpl@5eb66704
2024-06-22T23:44:31.059+05:30  INFO 11628 --- [npp] [main] com.zaxxer.hikari.HikariDataSource       : HikariPool-1 - Start completed.
2024-06-22T23:44:31.186+05:30  WARN 11628 --- [npp] [main] org.hibernate.dialect.Dialect            : HHH000511: The 5.7.44 version for [org.hibernate.dialect.MySQLDialect] is no longer supported, hence certain features may not work properly. The minimum supported version is 8.0.0. Check the community dialects project for available legacy versions.
2024-06-22T23:44:31.194+05:30  WARN 11628 --- [npp] [main] org.hibernate.orm.deprecation            : HHH90000025: MySQLDialect does not need to be specified explicitly using 'hibernate.dialect' (remove the property setting and it will be selected by default)
2024-06-22T23:44:31.433+05:30  INFO 17244 --- [npp] [restartedMain] o.s.b.d.a.OptionalLiveReloadServer       : LiveReload server is running on port 35729
2024-06-22T23:44:31.517+05:30  INFO 17244 --- [npp] [restartedMain] o.s.b.w.embedded.tomcat.TomcatWebServer  : Tomcat started on port 8080 (http) with context path '/'
2024-06-22T23:44:31.536+05:30  INFO 17244 --- [npp] [restartedMain] com.project.npp.NppApplication           : Started NppApplication in 8.446 seconds (process running for 9.695)
2024-06-22T23:44:33.164+05:30  INFO 11628 --- [npp] [main] o.h.e.t.j.p.i.JtaPlatformInitiator       : HHH000489: No JTA platform available (set 'hibernate.transaction.jta.platform' to enable JTA platform integration)
2024-06-22T23:44:33.389+05:30  INFO 11628 --- [npp] [main] j.LocalContainerEntityManagerFactoryBean : Initialized JPA EntityManagerFactory for persistence unit 'default'
2024-06-22T23:44:34.259+05:30  INFO 11628 --- [npp] [main] eAuthenticationProviderManagerConfigurer : Global AuthenticationManager configured with AuthenticationProvider bean with name authenticationProvider
2024-06-22T23:44:34.262+05:30  WARN 11628 --- [npp] [main] r$InitializeUserDetailsManagerConfigurer : Global AuthenticationManager configured with an AuthenticationProvider bean. UserDetailsService beans will not be used for username/password login. Consider removing the AuthenticationProvider bean. Alternatively, consider using the UserDetailsService in a manually instantiated DaoAuthenticationProvider.
2024-06-22T23:44:34.539+05:30  WARN 11628 --- [npp] [main] JpaBaseConfiguration$JpaWebConfiguration : spring.jpa.open-in-view is enabled by default. Therefore, database queries may be performed during view rendering. Explicitly configure spring.jpa.open-in-view to disable this warning
2024-06-22T23:44:35.062+05:30  INFO 11628 --- [npp] [main] o.s.s.web.DefaultSecurityFilterChain     : Will secure any request with [org.springframework.security.web.session.DisableEncodeUrlFilter@3ccf49f7, org.springframework.security.web.context.request.async.WebAsyncManagerIntegrationFilter@136468c, org.springframework.security.web.context.SecurityContextHolderFilter@2e1d4cb8, org.springframework.security.web.header.HeaderWriterFilter@157e0f80, org.springframework.web.filter.CorsFilter@2402f553, org.springframework.security.web.authentication.logout.LogoutFilter@4812cc88, com.project.npp.security.jwt.AuthTokenFilter@1d799dea, org.springframework.security.web.savedrequest.RequestCacheAwareFilter@76d9c6c6, org.springframework.security.web.servletapi.SecurityContextHolderAwareRequestFilter@1318db0e, org.springframework.security.web.authentication.AnonymousAuthenticationFilter@63ceb4ca, org.springframework.security.web.session.SessionManagementFilter@5997499b, org.springframework.security.web.access.ExceptionTranslationFilter@60bd0d27, org.springframework.security.web.access.intercept.AuthorizationFilter@3021acbe]
2024-06-22T23:44:35.648+05:30  INFO 11628 --- [npp] [main] com.project.npp.NppApplicationTests      : Started NppApplicationTests in 10.611 seconds (process running for 13.641)
2024-06-22T23:44:36.837+05:30  INFO 11628 --- [npp] [SpringApplicationShutdownHook] j.LocalContainerEntityManagerFactoryBean : Closing JPA EntityManagerFactory for persistence unit 'default'
2024-06-22T23:44:36.842+05:30  INFO 11628 --- [npp] [SpringApplicationShutdownHook] com.zaxxer.hikari.HikariDataSource       : HikariPool-1 - Shutdown initiated...
2024-06-22T23:44:36.857+05:30  INFO 11628 --- [npp] [SpringApplicationShutdownHook] com.zaxxer.hikari.HikariDataSource       : HikariPool-1 - Shutdown completed.
2024-06-22T23:44:41.987+05:30  INFO 17244 --- [npp] [File Watcher] rtingClassPathChangeChangedEventListener : Restarting due to 3 class path changes (3 additions, 0 deletions, 0 modifications)
2024-06-22T23:44:42.020+05:30  INFO 17244 --- [npp] [Thread-5] j.LocalContainerEntityManagerFactoryBean : Closing JPA EntityManagerFactory for persistence unit 'default'
2024-06-22T23:44:42.024+05:30  INFO 17244 --- [npp] [Thread-5] com.zaxxer.hikari.HikariDataSource       : HikariPool-1 - Shutdown initiated...
2024-06-22T23:44:42.033+05:30  INFO 17244 --- [npp] [Thread-5] com.zaxxer.hikari.HikariDataSource       : HikariPool-1 - Shutdown completed.
2024-06-22T23:44:42.141+05:30  INFO 17244 --- [npp] [restartedMain] com.project.npp.NppApplication           : Starting NppApplication using Java 17.0.9 with PID 17244 (D:\NumberPortabilityPortal\npp_stage_2\npp\backend\target\classes started by supriya.j in D:\NumberPortabilityPortal\npp_stage_2\npp\backend)
2024-06-22T23:44:42.141+05:30  INFO 17244 --- [npp] [restartedMain] com.project.npp.NppApplication           : No active profile set, falling back to 1 default profile: "default"
2024-06-22T23:44:42.399+05:30  INFO 17244 --- [npp] [restartedMain] .s.d.r.c.RepositoryConfigurationDelegate : Bootstrapping Spring Data JPA repositories in DEFAULT mode.
2024-06-22T23:44:42.439+05:30  INFO 17244 --- [npp] [restartedMain] .s.d.r.c.RepositoryConfigurationDelegate : Finished Spring Data repository scanning in 39 ms. Found 7 JPA repository interfaces.
2024-06-22T23:44:42.548+05:30  INFO 17244 --- [npp] [restartedMain] o.s.b.w.embedded.tomcat.TomcatWebServer  : Tomcat initialized with port 8080 (http)
2024-06-22T23:44:42.549+05:30  INFO 17244 --- [npp] [restartedMain] o.apache.catalina.core.StandardService   : Starting service [Tomcat]
2024-06-22T23:44:42.549+05:30  INFO 17244 --- [npp] [restartedMain] o.apache.catalina.core.StandardEngine    : Starting Servlet engine: [Apache Tomcat/10.1.24]
2024-06-22T23:44:42.581+05:30  INFO 17244 --- [npp] [restartedMain] o.a.c.c.C.[Tomcat].[localhost].[/]       : Initializing Spring embedded WebApplicationContext
2024-06-22T23:44:42.581+05:30  INFO 17244 --- [npp] [restartedMain] w.s.c.ServletWebServerApplicationContext : Root WebApplicationContext: initialization completed in 438 ms
2024-06-22T23:44:42.623+05:30  INFO 17244 --- [npp] [restartedMain] o.hibernate.jpa.internal.util.LogHelper  : HHH000204: Processing PersistenceUnitInfo [name: default]
2024-06-22T23:44:42.626+05:30  INFO 17244 --- [npp] [restartedMain] o.h.c.internal.RegionFactoryInitiator    : HHH000026: Second-level cache disabled
2024-06-22T23:44:42.644+05:30  INFO 17244 --- [npp] [restartedMain] o.s.o.j.p.SpringPersistenceUnitInfo      : No LoadTimeWeaver setup: ignoring JPA class transformer
2024-06-22T23:44:42.645+05:30  INFO 17244 --- [npp] [restartedMain] com.zaxxer.hikari.HikariDataSource       : HikariPool-2 - Starting...
2024-06-22T23:44:42.662+05:30  INFO 17244 --- [npp] [restartedMain] com.zaxxer.hikari.pool.HikariPool        : HikariPool-2 - Added connection com.mysql.cj.jdbc.ConnectionImpl@75e86fd7
2024-06-22T23:44:42.663+05:30  INFO 17244 --- [npp] [restartedMain] com.zaxxer.hikari.HikariDataSource       : HikariPool-2 - Start completed.
2024-06-22T23:44:42.664+05:30  WARN 17244 --- [npp] [restartedMain] org.hibernate.dialect.Dialect            : HHH000511: The 5.7.44 version for [org.hibernate.dialect.MySQLDialect] is no longer supported, hence certain features may not work properly. The minimum supported version is 8.0.0. Check the community dialects project for available legacy versions.
2024-06-22T23:44:42.665+05:30  WARN 17244 --- [npp] [restartedMain] org.hibernate.orm.deprecation            : HHH90000025: MySQLDialect does not need to be specified explicitly using 'hibernate.dialect' (remove the property setting and it will be selected by default)
2024-06-22T23:44:42.805+05:30  INFO 17244 --- [npp] [restartedMain] o.h.e.t.j.p.i.JtaPlatformInitiator       : HHH000489: No JTA platform available (set 'hibernate.transaction.jta.platform' to enable JTA platform integration)
2024-06-22T23:44:42.871+05:30  INFO 17244 --- [npp] [restartedMain] j.LocalContainerEntityManagerFactoryBean : Initialized JPA EntityManagerFactory for persistence unit 'default'
2024-06-22T23:44:42.951+05:30  INFO 17244 --- [npp] [restartedMain] eAuthenticationProviderManagerConfigurer : Global AuthenticationManager configured with AuthenticationProvider bean with name authenticationProvider
2024-06-22T23:44:42.952+05:30  WARN 17244 --- [npp] [restartedMain] r$InitializeUserDetailsManagerConfigurer : Global AuthenticationManager configured with an AuthenticationProvider bean. UserDetailsService beans will not be used for username/password login. Consider removing the AuthenticationProvider bean. Alternatively, consider using the UserDetailsService in a manually instantiated DaoAuthenticationProvider.
2024-06-22T23:44:43.031+05:30  WARN 17244 --- [npp] [restartedMain] JpaBaseConfiguration$JpaWebConfiguration : spring.jpa.open-in-view is enabled by default. Therefore, database queries may be performed during view rendering. Explicitly configure spring.jpa.open-in-view to disable this warning
2024-06-22T23:44:43.107+05:30  INFO 17244 --- [npp] [restartedMain] o.s.s.web.DefaultSecurityFilterChain     : Will secure any request with [org.springframework.security.web.session.DisableEncodeUrlFilter@3718d7ec, org.springframework.security.web.context.request.async.WebAsyncManagerIntegrationFilter@49402943, org.springframework.security.web.context.SecurityContextHolderFilter@6c5e84ec, org.springframework.security.web.header.HeaderWriterFilter@7e1f956b, org.springframework.web.filter.CorsFilter@4f18a37d, org.springframework.security.web.authentication.logout.LogoutFilter@6c524e92, com.project.npp.security.jwt.AuthTokenFilter@7a5a42c0, org.springframework.security.web.savedrequest.RequestCacheAwareFilter@31ff7269, org.springframework.security.web.servletapi.SecurityContextHolderAwareRequestFilter@33c90df0, org.springframework.security.web.authentication.AnonymousAuthenticationFilter@5b722e1c, org.springframework.security.web.session.SessionManagementFilter@53e28bfe, org.springframework.security.web.access.ExceptionTranslationFilter@7f844f09, org.springframework.security.web.access.intercept.AuthorizationFilter@5da92ae8]
2024-06-22T23:44:43.178+05:30  INFO 17244 --- [npp] [restartedMain] o.s.b.d.a.OptionalLiveReloadServer       : LiveReload server is running on port 35729
2024-06-22T23:44:43.199+05:30  INFO 17244 --- [npp] [restartedMain] o.s.b.w.embedded.tomcat.TomcatWebServer  : Tomcat started on port 8080 (http) with context path '/'
2024-06-22T23:44:43.206+05:30  INFO 17244 --- [npp] [restartedMain] com.project.npp.NppApplication           : Started NppApplication in 1.11 seconds (process running for 21.366)
2024-06-22T23:44:43.209+05:30  INFO 17244 --- [npp] [restartedMain] .ConditionEvaluationDeltaLoggingListener : Condition evaluation unchanged
2024-06-22T23:50:51.136+05:30  INFO 17244 --- [npp] [http-nio-8080-exec-1] o.a.c.c.C.[Tomcat].[localhost].[/]       : Initializing Spring DispatcherServlet 'dispatcherServlet'
2024-06-22T23:50:51.136+05:30  INFO 17244 --- [npp] [http-nio-8080-exec-1] o.s.web.servlet.DispatcherServlet        : Initializing Servlet 'dispatcherServlet'
2024-06-22T23:50:51.152+05:30  INFO 17244 --- [npp] [http-nio-8080-exec-1] o.s.web.servlet.DispatcherServlet        : Completed initialization in 16 ms
2024-06-22T23:52:10.290+05:30  INFO 17244 --- [npp] [http-nio-8080-exec-3] c.project.npp.controller.AuthController  : signin
2024-06-22T23:52:10.739+05:30  INFO 17244 --- [npp] [http-nio-8080-exec-3] c.p.npp.service.UserEntityServiceImpl    : User found
2024-06-22T23:52:10.947+05:30  INFO 17244 --- [npp] [http-nio-8080-exec-3] c.project.npp.service.RoleServiceImpl    : Role found
2024-06-22T23:52:10.955+05:30  INFO 17244 --- [npp] [http-nio-8080-exec-3] c.p.npp.service.OperatorServiceImpl      : Operator found
2024-06-22T23:52:11.049+05:30  INFO 17244 --- [npp] [http-nio-8080-exec-3] c.p.npp.service.UserEntityServiceImpl    : User added successfully !!
2024-06-22T23:52:11.049+05:30  INFO 17244 --- [npp] [http-nio-8080-exec-3] c.project.npp.controller.AuthController  : User registered successfully!
2024-06-22T23:52:25.614+05:30  INFO 17244 --- [npp] [http-nio-8080-exec-6] c.project.npp.controller.AuthController  : signin
2024-06-22T23:52:26.001+05:30  INFO 17244 --- [npp] [http-nio-8080-exec-6] c.p.npp.service.UserEntityServiceImpl    : User found
2024-06-22T23:52:40.932+05:30  INFO 17244 --- [npp] [http-nio-8080-exec-7] c.project.npp.controller.AuthController  : signin
2024-06-22T23:52:40.948+05:30  INFO 17244 --- [npp] [http-nio-8080-exec-7] c.p.npp.service.UserEntityServiceImpl    : User found
2024-06-22T23:52:43.710+05:30  INFO 17244 --- [npp] [http-nio-8080-exec-9] c.p.npp.service.UserEntityServiceImpl    : User found
2024-06-22T23:52:43.710+05:30  INFO 17244 --- [npp] [http-nio-8080-exec-9] c.p.n.controller.SystemAdminController   : Get all Users
2024-06-22T23:52:43.741+05:30  INFO 17244 --- [npp] [http-nio-8080-exec-9] c.p.npp.service.UserEntityServiceImpl    : Role found
2024-06-22T23:52:43.741+05:30  INFO 17244 --- [npp] [http-nio-8080-exec-9] c.p.n.controller.SystemAdminController   : User found
