2024-06-23T00:22:57.032+05:30  INFO 17244 --- [npp] [http-nio-8080-exec-2] c.p.npp.service.UserEntityServiceImpl    : User found
2024-06-23T00:22:57.077+05:30  INFO 17244 --- [npp] [http-nio-8080-exec-2] c.p.n.controller.SystemAdminController   : Get all Users
2024-06-23T00:22:57.092+05:30  INFO 17244 --- [npp] [http-nio-8080-exec-2] c.p.npp.service.UserEntityServiceImpl    : Role found
2024-06-23T00:22:57.092+05:30  INFO 17244 --- [npp] [http-nio-8080-exec-2] c.p.n.controller.SystemAdminController   : User found
2024-06-23T00:23:11.056+05:30  INFO 17244 --- [npp] [http-nio-8080-exec-4] c.p.npp.service.UserEntityServiceImpl    : User found
2024-06-23T00:23:11.056+05:30  INFO 17244 --- [npp] [http-nio-8080-exec-4] c.p.n.controller.SystemAdminController   : Get all Operators
2024-06-23T00:23:11.056+05:30  INFO 17244 --- [npp] [http-nio-8080-exec-4] c.p.npp.service.OperatorServiceImpl      : Operator found
2024-06-23T00:23:11.056+05:30  INFO 17244 --- [npp] [http-nio-8080-exec-4] c.p.n.controller.SystemAdminController   : Operator found
2024-06-23T00:23:20.319+05:30  INFO 17244 --- [npp] [http-nio-8080-exec-5] c.p.npp.service.UserEntityServiceImpl    : User found
2024-06-23T00:23:20.319+05:30  INFO 17244 --- [npp] [http-nio-8080-exec-5] c.p.n.controller.SystemAdminController   : Get operatorby ID
2024-06-23T00:23:20.335+05:30  INFO 17244 --- [npp] [http-nio-8080-exec-5] c.p.npp.service.OperatorServiceImpl      : Operator found
2024-06-23T00:23:20.335+05:30  INFO 17244 --- [npp] [http-nio-8080-exec-5] c.p.n.controller.SystemAdminController   : Operator found
2024-06-23T00:23:23.055+05:30  INFO 17244 --- [npp] [http-nio-8080-exec-6] c.p.npp.service.UserEntityServiceImpl    : User found
2024-06-23T00:23:23.055+05:30  INFO 17244 --- [npp] [http-nio-8080-exec-6] c.p.n.controller.SystemAdminController   : Get operatorby ID
2024-06-23T00:23:23.071+05:30  INFO 17244 --- [npp] [http-nio-8080-exec-6] c.p.npp.service.OperatorServiceImpl      : Operator found
2024-06-23T00:23:23.071+05:30  INFO 17244 --- [npp] [http-nio-8080-exec-6] c.p.n.controller.SystemAdminController   : Operator found
2024-06-23T00:23:29.079+05:30  INFO 17244 --- [npp] [http-nio-8080-exec-7] c.p.npp.service.UserEntityServiceImpl    : User found
2024-06-23T00:23:29.088+05:30  INFO 17244 --- [npp] [http-nio-8080-exec-7] c.p.n.controller.SystemAdminController   : Get all Operators
2024-06-23T00:23:29.088+05:30  INFO 17244 --- [npp] [http-nio-8080-exec-7] c.p.npp.service.OperatorServiceImpl      : Operator found
2024-06-23T00:23:29.088+05:30  INFO 17244 --- [npp] [http-nio-8080-exec-7] c.p.n.controller.SystemAdminController   : Operator found
2024-06-23T00:23:31.572+05:30  INFO 17244 --- [npp] [http-nio-8080-exec-8] c.p.npp.service.UserEntityServiceImpl    : User found
2024-06-23T00:23:31.572+05:30  INFO 17244 --- [npp] [http-nio-8080-exec-8] c.p.n.controller.SystemAdminController   : Get all Users
2024-06-23T00:23:31.587+05:30  INFO 17244 --- [npp] [http-nio-8080-exec-8] c.p.npp.service.UserEntityServiceImpl    : Role found
2024-06-23T00:23:31.587+05:30  INFO 17244 --- [npp] [http-nio-8080-exec-8] c.p.n.controller.SystemAdminController   : User found
2024-06-23T00:24:23.686+05:30  INFO 17244 --- [npp] [http-nio-8080-exec-9] c.project.npp.controller.AuthController  : signin
2024-06-23T00:24:23.700+05:30  INFO 17244 --- [npp] [http-nio-8080-exec-9] c.p.npp.service.UserEntityServiceImpl    : User found
2024-06-23T00:29:56.428+05:30  INFO 17244 --- [npp] [http-nio-8080-exec-2] c.project.npp.controller.AuthController  : signin
2024-06-23T00:29:56.436+05:30  INFO 17244 --- [npp] [http-nio-8080-exec-2] c.p.npp.service.UserEntityServiceImpl    : User found
2024-06-23T00:30:02.046+05:30  INFO 17244 --- [npp] [http-nio-8080-exec-4] c.p.npp.service.UserEntityServiceImpl    : User found
2024-06-23T00:30:02.050+05:30  INFO 17244 --- [npp] [http-nio-8080-exec-4] c.p.n.controller.SystemAdminController   : Get all Users
2024-06-23T00:30:02.063+05:30  INFO 17244 --- [npp] [http-nio-8080-exec-4] c.p.npp.service.UserEntityServiceImpl    : Role found
2024-06-23T00:30:02.063+05:30  INFO 17244 --- [npp] [http-nio-8080-exec-4] c.p.n.controller.SystemAdminController   : User found
2024-06-23T00:37:31.340+05:30  INFO 17244 --- [npp] [http-nio-8080-exec-5] c.project.npp.controller.AuthController  : signin
2024-06-23T00:37:31.340+05:30  INFO 17244 --- [npp] [http-nio-8080-exec-5] c.p.npp.service.UserEntityServiceImpl    : User found
2024-06-23T00:49:09.788+05:30  INFO 17244 --- [npp] [http-nio-8080-exec-8] c.project.npp.controller.AuthController  : signin
2024-06-23T00:49:09.788+05:30  INFO 17244 --- [npp] [http-nio-8080-exec-8] c.p.npp.service.UserEntityServiceImpl    : User found
2024-06-23T00:49:30.910+05:30  INFO 17244 --- [npp] [http-nio-8080-exec-9] c.project.npp.controller.AuthController  : signin
2024-06-23T00:49:30.916+05:30  INFO 17244 --- [npp] [http-nio-8080-exec-9] c.p.npp.service.UserEntityServiceImpl    : User found
2024-06-23T00:49:30.977+05:30  INFO 17244 --- [npp] [http-nio-8080-exec-9] c.project.npp.service.RoleServiceImpl    : Role found
2024-06-23T00:49:30.977+05:30  INFO 17244 --- [npp] [http-nio-8080-exec-9] c.p.npp.service.OperatorServiceImpl      : Operator found
2024-06-23T00:49:30.977+05:30  INFO 17244 --- [npp] [http-nio-8080-exec-9] c.p.npp.service.UserEntityServiceImpl    : User added successfully !!
2024-06-23T00:49:30.977+05:30  INFO 17244 --- [npp] [http-nio-8080-exec-9] c.project.npp.controller.AuthController  : User registered successfully!
2024-06-23T00:49:40.472+05:30  INFO 17244 --- [npp] [http-nio-8080-exec-10] c.project.npp.controller.AuthController  : signin
2024-06-23T00:49:40.480+05:30  INFO 17244 --- [npp] [http-nio-8080-exec-10] c.p.npp.service.UserEntityServiceImpl    : User found
2024-06-23T00:49:42.509+05:30  INFO 17244 --- [npp] [http-nio-8080-exec-1] c.p.npp.service.UserEntityServiceImpl    : User found
2024-06-23T00:49:42.511+05:30  INFO 17244 --- [npp] [http-nio-8080-exec-1] c.p.n.controller.SystemAdminController   : Get all Users
2024-06-23T00:49:42.521+05:30  INFO 17244 --- [npp] [http-nio-8080-exec-1] c.p.npp.service.UserEntityServiceImpl    : Role found
2024-06-23T00:49:42.521+05:30  INFO 17244 --- [npp] [http-nio-8080-exec-1] c.p.n.controller.SystemAdminController   : User found
2024-06-23T00:51:07.384+05:30  INFO 17244 --- [npp] [http-nio-8080-exec-3] c.p.npp.service.UserEntityServiceImpl    : User found
2024-06-23T00:51:07.394+05:30  INFO 17244 --- [npp] [http-nio-8080-exec-3] c.project.npp.service.RoleServiceImpl    : Role found
2024-06-23T00:51:07.395+05:30  INFO 17244 --- [npp] [http-nio-8080-exec-3] c.project.npp.service.RoleServiceImpl    : Role found
2024-06-23T00:51:07.395+05:30  INFO 17244 --- [npp] [http-nio-8080-exec-3] c.project.npp.service.RoleServiceImpl    : Role found
2024-06-23T00:51:07.395+05:30  INFO 17244 --- [npp] [http-nio-8080-exec-3] c.p.npp.service.OperatorServiceImpl      : Operator found
2024-06-23T00:51:07.409+05:30  INFO 17244 --- [npp] [http-nio-8080-exec-3] c.p.npp.service.UserEntityServiceImpl    : Role updated successfully!
2024-06-23T00:51:07.409+05:30  INFO 17244 --- [npp] [http-nio-8080-exec-3] c.p.n.controller.SystemAdminController   : Role updated successfully!
2024-06-23T00:51:07.440+05:30  INFO 17244 --- [npp] [http-nio-8080-exec-5] c.p.npp.service.UserEntityServiceImpl    : User found
2024-06-23T00:51:07.442+05:30  INFO 17244 --- [npp] [http-nio-8080-exec-5] c.p.n.controller.SystemAdminController   : Get all Users
2024-06-23T00:51:07.460+05:30  INFO 17244 --- [npp] [http-nio-8080-exec-5] c.p.npp.service.UserEntityServiceImpl    : Role found
2024-06-23T00:51:07.460+05:30  INFO 17244 --- [npp] [http-nio-8080-exec-5] c.p.n.controller.SystemAdminController   : User found
2024-06-23T00:52:01.569+05:30  INFO 17244 --- [npp] [http-nio-8080-exec-6] c.p.npp.service.UserEntityServiceImpl    : User found
2024-06-23T00:52:01.569+05:30  INFO 17244 --- [npp] [http-nio-8080-exec-6] c.p.n.controller.SystemAdminController   : Get all Users
2024-06-23T00:52:01.601+05:30  INFO 17244 --- [npp] [http-nio-8080-exec-6] c.p.npp.service.UserEntityServiceImpl    : Role found
2024-06-23T00:52:01.601+05:30  INFO 17244 --- [npp] [http-nio-8080-exec-6] c.p.n.controller.SystemAdminController   : User found
2024-06-23T00:52:29.240+05:30  INFO 17244 --- [npp] [http-nio-8080-exec-7] c.p.npp.service.UserEntityServiceImpl    : User found
2024-06-23T00:52:29.242+05:30  INFO 17244 --- [npp] [http-nio-8080-exec-7] c.p.n.controller.SystemAdminController   : Get all Users
2024-06-23T00:52:29.255+05:30  INFO 17244 --- [npp] [http-nio-8080-exec-7] c.p.npp.service.UserEntityServiceImpl    : Role found
2024-06-23T00:52:29.255+05:30  INFO 17244 --- [npp] [http-nio-8080-exec-7] c.p.n.controller.SystemAdminController   : User found
2024-06-23T00:52:37.052+05:30  INFO 17244 --- [npp] [http-nio-8080-exec-8] c.p.npp.service.UserEntityServiceImpl    : User found
2024-06-23T00:52:37.053+05:30  INFO 17244 --- [npp] [http-nio-8080-exec-8] c.p.n.controller.SystemAdminController   : Get all Users
2024-06-23T00:52:37.058+05:30  INFO 17244 --- [npp] [http-nio-8080-exec-8] c.p.npp.service.UserEntityServiceImpl    : Role found
2024-06-23T00:52:37.058+05:30  INFO 17244 --- [npp] [http-nio-8080-exec-8] c.p.n.controller.SystemAdminController   : User found
2024-06-23T00:52:52.928+05:30  INFO 17244 --- [npp] [http-nio-8080-exec-10] c.p.npp.service.UserEntityServiceImpl    : User found
2024-06-23T00:52:52.930+05:30  INFO 17244 --- [npp] [http-nio-8080-exec-10] c.p.n.controller.SystemAdminController   : Get all Users
2024-06-23T00:52:52.947+05:30  INFO 17244 --- [npp] [http-nio-8080-exec-10] c.p.npp.service.UserEntityServiceImpl    : Role found
2024-06-23T00:52:52.947+05:30  INFO 17244 --- [npp] [http-nio-8080-exec-10] c.p.n.controller.SystemAdminController   : User found
2024-06-23T00:53:01.040+05:30  INFO 17244 --- [npp] [http-nio-8080-exec-1] c.p.npp.service.UserEntityServiceImpl    : User found
2024-06-23T00:53:01.040+05:30  INFO 17244 --- [npp] [http-nio-8080-exec-1] c.p.n.controller.SystemAdminController   : Get all Operators
2024-06-23T00:53:01.053+05:30  INFO 17244 --- [npp] [http-nio-8080-exec-1] c.p.npp.service.OperatorServiceImpl      : Operator found
2024-06-23T00:53:01.054+05:30  INFO 17244 --- [npp] [http-nio-8080-exec-1] c.p.n.controller.SystemAdminController   : Operator found
2024-06-23T00:53:05.866+05:30  INFO 17244 --- [npp] [http-nio-8080-exec-2] c.p.npp.service.UserEntityServiceImpl    : User found
2024-06-23T00:53:05.867+05:30  INFO 17244 --- [npp] [http-nio-8080-exec-2] c.p.n.controller.SystemAdminController   : Get all Users
2024-06-23T00:53:05.878+05:30  INFO 17244 --- [npp] [http-nio-8080-exec-2] c.p.npp.service.UserEntityServiceImpl    : Role found
2024-06-23T00:53:05.878+05:30  INFO 17244 --- [npp] [http-nio-8080-exec-2] c.p.n.controller.SystemAdminController   : User found
2024-06-23T00:54:10.134+05:30  INFO 17244 --- [npp] [http-nio-8080-exec-3] c.p.npp.service.UserEntityServiceImpl    : User found
2024-06-23T00:54:10.134+05:30  INFO 17244 --- [npp] [http-nio-8080-exec-3] c.p.n.controller.SystemAdminController   : Get all Users
2024-06-23T00:54:10.150+05:30  INFO 17244 --- [npp] [http-nio-8080-exec-3] c.p.npp.service.UserEntityServiceImpl    : Role found
2024-06-23T00:54:10.150+05:30  INFO 17244 --- [npp] [http-nio-8080-exec-3] c.p.n.controller.SystemAdminController   : User found
2024-06-23T00:54:21.371+05:30  INFO 17244 --- [npp] [http-nio-8080-exec-5] c.p.npp.service.UserEntityServiceImpl    : User found
2024-06-23T00:54:21.372+05:30  INFO 17244 --- [npp] [http-nio-8080-exec-5] c.p.n.controller.SystemAdminController   : Get all Operators
2024-06-23T00:54:21.375+05:30  INFO 17244 --- [npp] [http-nio-8080-exec-5] c.p.npp.service.OperatorServiceImpl      : Operator found
2024-06-23T00:54:21.375+05:30  INFO 17244 --- [npp] [http-nio-8080-exec-5] c.p.n.controller.SystemAdminController   : Operator found
2024-06-23T00:54:26.259+05:30  INFO 17244 --- [npp] [http-nio-8080-exec-6] c.p.npp.service.UserEntityServiceImpl    : User found
2024-06-23T00:54:26.261+05:30  INFO 17244 --- [npp] [http-nio-8080-exec-6] c.p.n.controller.SystemAdminController   : Get operatorby ID
2024-06-23T00:54:26.263+05:30  INFO 17244 --- [npp] [http-nio-8080-exec-6] c.p.npp.service.OperatorServiceImpl      : Operator found
2024-06-23T00:54:26.263+05:30  INFO 17244 --- [npp] [http-nio-8080-exec-6] c.p.n.controller.SystemAdminController   : Operator found
2024-06-23T00:54:29.435+05:30  INFO 17244 --- [npp] [http-nio-8080-exec-7] c.p.npp.service.UserEntityServiceImpl    : User found
2024-06-23T00:54:29.436+05:30  INFO 17244 --- [npp] [http-nio-8080-exec-7] c.p.n.controller.SystemAdminController   : Get operatorby ID
2024-06-23T00:54:29.437+05:30  INFO 17244 --- [npp] [http-nio-8080-exec-7] c.p.npp.service.OperatorServiceImpl      : Operator found
2024-06-23T00:54:29.437+05:30  INFO 17244 --- [npp] [http-nio-8080-exec-7] c.p.n.controller.SystemAdminController   : Operator found
2024-06-23T00:54:31.171+05:30  INFO 17244 --- [npp] [http-nio-8080-exec-8] c.p.npp.service.UserEntityServiceImpl    : User found
2024-06-23T00:54:31.173+05:30  INFO 17244 --- [npp] [http-nio-8080-exec-8] c.p.n.controller.SystemAdminController   : Get operatorby ID
2024-06-23T00:54:31.175+05:30  INFO 17244 --- [npp] [http-nio-8080-exec-8] c.p.npp.service.OperatorServiceImpl      : Operator found
2024-06-23T00:54:31.175+05:30  INFO 17244 --- [npp] [http-nio-8080-exec-8] c.p.n.controller.SystemAdminController   : Operator found
2024-06-23T00:54:32.839+05:30  INFO 17244 --- [npp] [http-nio-8080-exec-9] c.p.npp.service.UserEntityServiceImpl    : User found
2024-06-23T00:54:32.840+05:30  INFO 17244 --- [npp] [http-nio-8080-exec-9] c.p.n.controller.SystemAdminController   : Get operatorby ID
2024-06-23T00:54:32.843+05:30  INFO 17244 --- [npp] [http-nio-8080-exec-9] c.p.npp.service.OperatorServiceImpl      : Operator found
2024-06-23T00:54:32.843+05:30  INFO 17244 --- [npp] [http-nio-8080-exec-9] c.p.n.controller.SystemAdminController   : Operator found
2024-06-23T00:54:46.699+05:30  INFO 17244 --- [npp] [http-nio-8080-exec-10] c.project.npp.controller.AuthController  : signin
2024-06-23T00:54:46.699+05:30  INFO 17244 --- [npp] [http-nio-8080-exec-10] c.p.npp.service.UserEntityServiceImpl    : User found
2024-06-23T00:55:11.080+05:30  INFO 17244 --- [npp] [http-nio-8080-exec-2] c.p.npp.service.UserEntityServiceImpl    : User found
2024-06-23T00:55:11.083+05:30  INFO 17244 --- [npp] [http-nio-8080-exec-2] c.p.n.c.CustomerServiceController        : Get all customers
2024-06-23T00:55:11.093+05:30  INFO 17244 --- [npp] [http-nio-8080-exec-2] c.p.npp.service.CustomerServiceImpl      : Customer found
2024-06-23T00:55:11.093+05:30  INFO 17244 --- [npp] [http-nio-8080-exec-2] c.p.n.c.CustomerServiceController        : Customer found
2024-06-23T01:01:03.065+05:30  INFO 17244 --- [npp] [http-nio-8080-exec-3] c.p.npp.service.UserEntityServiceImpl    : User found
2024-06-23T01:01:03.065+05:30  INFO 17244 --- [npp] [http-nio-8080-exec-3] c.p.n.c.CustomerServiceController        : Get all customers
2024-06-23T01:01:03.082+05:30  INFO 17244 --- [npp] [http-nio-8080-exec-3] c.p.npp.service.CustomerServiceImpl      : Customer found
2024-06-23T01:01:03.083+05:30  INFO 17244 --- [npp] [http-nio-8080-exec-3] c.p.n.c.CustomerServiceController        : Customer found
2024-06-23T01:02:42.989+05:30  INFO 17244 --- [npp] [http-nio-8080-exec-6] c.p.npp.service.UserEntityServiceImpl    : User found
2024-06-23T01:02:42.989+05:30  INFO 17244 --- [npp] [http-nio-8080-exec-6] c.p.n.c.CustomerServiceController        : Get all customers
2024-06-23T01:02:43.002+05:30  INFO 17244 --- [npp] [http-nio-8080-exec-6] c.p.npp.service.CustomerServiceImpl      : Customer found
2024-06-23T01:02:43.002+05:30  INFO 17244 --- [npp] [http-nio-8080-exec-6] c.p.n.c.CustomerServiceController        : Customer found
2024-06-23T01:03:36.988+05:30  INFO 17244 --- [npp] [http-nio-8080-exec-7] c.p.npp.service.UserEntityServiceImpl    : User found
2024-06-23T01:03:36.992+05:30  INFO 17244 --- [npp] [http-nio-8080-exec-7] c.p.n.c.CustomerServiceController        : Get all customers
2024-06-23T01:03:36.997+05:30  INFO 17244 --- [npp] [http-nio-8080-exec-7] c.p.npp.service.CustomerServiceImpl      : Customer found
2024-06-23T01:03:36.999+05:30  INFO 17244 --- [npp] [http-nio-8080-exec-7] c.p.n.c.CustomerServiceController        : Customer found
2024-06-23T01:03:59.421+05:30  INFO 17244 --- [npp] [http-nio-8080-exec-9] c.p.npp.service.UserEntityServiceImpl    : User found
2024-06-23T01:03:59.424+05:30  INFO 17244 --- [npp] [http-nio-8080-exec-9] c.p.n.c.CustomerServiceController        : Get customer by ID
2024-06-23T01:03:59.429+05:30  INFO 17244 --- [npp] [http-nio-8080-exec-9] c.p.npp.service.CustomerServiceImpl      : Customer found
2024-06-23T01:03:59.429+05:30  INFO 17244 --- [npp] [http-nio-8080-exec-9] c.p.n.c.CustomerServiceController        : Customer found
2024-06-23T01:05:42.996+05:30  INFO 17244 --- [npp] [http-nio-8080-exec-1] c.p.npp.service.UserEntityServiceImpl    : User found
2024-06-23T01:05:42.999+05:30  INFO 17244 --- [npp] [http-nio-8080-exec-1] c.p.n.c.CustomerServiceController        : Get all customers
2024-06-23T01:05:43.010+05:30  INFO 17244 --- [npp] [http-nio-8080-exec-1] c.p.npp.service.CustomerServiceImpl      : Customer found
2024-06-23T01:05:43.011+05:30  INFO 17244 --- [npp] [http-nio-8080-exec-1] c.p.n.c.CustomerServiceController        : Customer found
2024-06-23T01:06:01.983+05:30  INFO 17244 --- [npp] [http-nio-8080-exec-2] c.p.npp.service.UserEntityServiceImpl    : User found
2024-06-23T01:06:01.984+05:30  INFO 17244 --- [npp] [http-nio-8080-exec-2] c.p.n.c.CustomerServiceController        : Get all customers
2024-06-23T01:06:01.989+05:30  INFO 17244 --- [npp] [http-nio-8080-exec-2] c.p.npp.service.CustomerServiceImpl      : Customer found
2024-06-23T01:06:01.989+05:30  INFO 17244 --- [npp] [http-nio-8080-exec-2] c.p.n.c.CustomerServiceController        : Customer found
2024-06-23T01:07:09.132+05:30  INFO 17244 --- [npp] [http-nio-8080-exec-3] c.p.npp.service.UserEntityServiceImpl    : User found
2024-06-23T01:07:09.137+05:30  INFO 17244 --- [npp] [http-nio-8080-exec-3] c.p.n.c.CustomerServiceController        : Add customer
2024-06-23T01:07:09.141+05:30  INFO 17244 --- [npp] [http-nio-8080-exec-3] c.p.npp.service.UserEntityServiceImpl    : User found
2024-06-23T01:07:09.142+05:30  INFO 17244 --- [npp] [http-nio-8080-exec-3] c.p.npp.service.OperatorServiceImpl      : Operator found
2024-06-23T01:07:09.143+05:30  INFO 17244 --- [npp] [http-nio-8080-exec-3] c.p.npp.service.UserEntityServiceImpl    : User found
2024-06-23T01:07:09.144+05:30  INFO 17244 --- [npp] [http-nio-8080-exec-3] c.project.npp.service.RoleServiceImpl    : Role found
2024-06-23T01:07:09.145+05:30  INFO 17244 --- [npp] [http-nio-8080-exec-3] c.project.npp.service.RoleServiceImpl    : Role found
2024-06-23T01:07:09.146+05:30  INFO 17244 --- [npp] [http-nio-8080-exec-3] c.project.npp.service.RoleServiceImpl    : Role found
2024-06-23T01:07:09.146+05:30  INFO 17244 --- [npp] [http-nio-8080-exec-3] c.p.npp.service.OperatorServiceImpl      : Operator found
2024-06-23T01:07:09.150+05:30  INFO 17244 --- [npp] [http-nio-8080-exec-3] c.p.npp.service.UserEntityServiceImpl    : Role updated successfully!
2024-06-23T01:07:09.152+05:30  INFO 17244 --- [npp] [http-nio-8080-exec-3] c.p.npp.service.CustomerServiceImpl      : Customer found
2024-06-23T01:07:09.152+05:30  INFO 17244 --- [npp] [http-nio-8080-exec-3] c.p.n.c.CustomerServiceController        : Customer added successfully!
2024-06-23T01:07:10.663+05:30  INFO 17244 --- [npp] [http-nio-8080-exec-5] c.p.npp.service.UserEntityServiceImpl    : User found
2024-06-23T01:07:10.665+05:30  INFO 17244 --- [npp] [http-nio-8080-exec-5] c.p.n.c.CustomerServiceController        : Get all customers
2024-06-23T01:07:10.669+05:30  INFO 17244 --- [npp] [http-nio-8080-exec-5] c.p.npp.service.CustomerServiceImpl      : Customer found
2024-06-23T01:07:10.669+05:30  INFO 17244 --- [npp] [http-nio-8080-exec-5] c.p.n.c.CustomerServiceController        : Customer found
2024-06-23T01:07:13.735+05:30  INFO 17244 --- [npp] [http-nio-8080-exec-6] c.p.npp.service.UserEntityServiceImpl    : User found
2024-06-23T01:07:13.737+05:30  INFO 17244 --- [npp] [http-nio-8080-exec-6] c.p.n.c.CustomerServiceController        : Get customer by ID
2024-06-23T01:07:13.740+05:30  INFO 17244 --- [npp] [http-nio-8080-exec-6] c.p.npp.service.CustomerServiceImpl      : Customer found
2024-06-23T01:07:13.740+05:30  INFO 17244 --- [npp] [http-nio-8080-exec-6] c.p.n.c.CustomerServiceController        : Customer found
2024-06-23T01:07:17.884+05:30  INFO 17244 --- [npp] [http-nio-8080-exec-7] c.p.npp.service.UserEntityServiceImpl    : User found
2024-06-23T01:07:17.886+05:30  INFO 17244 --- [npp] [http-nio-8080-exec-7] c.p.n.c.CustomerServiceController        : Get customer by ID
2024-06-23T01:07:17.889+05:30  INFO 17244 --- [npp] [http-nio-8080-exec-7] c.p.npp.service.CustomerServiceImpl      : Customer found
2024-06-23T01:07:17.889+05:30  INFO 17244 --- [npp] [http-nio-8080-exec-7] c.p.n.c.CustomerServiceController        : Customer found
2024-06-23T01:08:37.991+05:30  INFO 17244 --- [npp] [http-nio-8080-exec-9] c.p.npp.service.UserEntityServiceImpl    : User found
2024-06-23T01:08:37.991+05:30  INFO 17244 --- [npp] [http-nio-8080-exec-9] c.p.n.c.CustomerServiceController        : Get customer by ID
2024-06-23T01:08:37.993+05:30  INFO 17244 --- [npp] [http-nio-8080-exec-9] c.p.npp.service.CustomerServiceImpl      : Customer found
2024-06-23T01:08:37.993+05:30  INFO 17244 --- [npp] [http-nio-8080-exec-9] c.p.n.c.CustomerServiceController        : Customer found
2024-06-23T01:08:49.179+05:30  INFO 17244 --- [npp] [http-nio-8080-exec-10] c.p.npp.service.UserEntityServiceImpl    : User found
2024-06-23T01:08:49.183+05:30  INFO 17244 --- [npp] [http-nio-8080-exec-10] c.p.n.c.CustomerServiceController        : Update customer
2024-06-23T01:08:49.186+05:30  INFO 17244 --- [npp] [http-nio-8080-exec-10] c.p.npp.service.OperatorServiceImpl      : Operator found
2024-06-23T01:08:49.186+05:30  INFO 17244 --- [npp] [http-nio-8080-exec-10] c.p.npp.service.OperatorServiceImpl      : Operator found
2024-06-23T01:08:49.189+05:30  INFO 17244 --- [npp] [http-nio-8080-exec-10] c.p.npp.service.CustomerServiceImpl      : Customer found
2024-06-23T01:08:49.189+05:30  INFO 17244 --- [npp] [http-nio-8080-exec-10] c.p.n.c.CustomerServiceController        : Customer updated successfully!
2024-06-23T01:08:49.208+05:30  INFO 17244 --- [npp] [http-nio-8080-exec-2] c.p.npp.service.UserEntityServiceImpl    : User found
2024-06-23T01:08:49.208+05:30  INFO 17244 --- [npp] [http-nio-8080-exec-2] c.p.n.c.CustomerServiceController        : Get all customers
2024-06-23T01:08:49.208+05:30  INFO 17244 --- [npp] [http-nio-8080-exec-2] c.p.npp.service.CustomerServiceImpl      : Customer found
2024-06-23T01:08:49.208+05:30  INFO 17244 --- [npp] [http-nio-8080-exec-2] c.p.n.c.CustomerServiceController        : Customer found
2024-06-23T01:08:54.674+05:30  INFO 17244 --- [npp] [http-nio-8080-exec-3] c.p.npp.service.UserEntityServiceImpl    : User found
2024-06-23T01:08:54.683+05:30  INFO 17244 --- [npp] [http-nio-8080-exec-3] c.p.npp.service.PortRequestServiceImpl   : Port request found
2024-06-23T01:08:54.684+05:30  INFO 17244 --- [npp] [http-nio-8080-exec-3] c.p.n.c.CustomerServiceController        : Portrequest found
2024-06-23T01:09:59.820+05:30  INFO 17244 --- [npp] [http-nio-8080-exec-6] c.p.npp.service.UserEntityServiceImpl    : User found
2024-06-23T01:09:59.833+05:30  INFO 17244 --- [npp] [http-nio-8080-exec-6] c.p.npp.service.PortRequestServiceImpl   : Port request found
2024-06-23T01:09:59.833+05:30  INFO 17244 --- [npp] [http-nio-8080-exec-6] c.p.n.c.CustomerServiceController        : Portrequest found
2024-06-23T01:10:30.299+05:30  INFO 17244 --- [npp] [http-nio-8080-exec-8] c.p.npp.service.UserEntityServiceImpl    : User found
2024-06-23T01:10:30.304+05:30  INFO 17244 --- [npp] [http-nio-8080-exec-8] c.p.n.c.CustomerServiceController        : Submit port request
2024-06-23T01:10:30.306+05:30 ERROR 17244 --- [npp] [http-nio-8080-exec-8] c.p.npp.service.CustomerServiceImpl      : Customer not found
2024-06-23T01:10:30.310+05:30  WARN 17244 --- [npp] [http-nio-8080-exec-8] .m.m.a.ExceptionHandlerExceptionResolver : Resolved [com.project.npp.exceptions.CustomerNotFoundException: Customer not found]
2024-06-23T01:15:51.559+05:30  INFO 17244 --- [npp] [http-nio-8080-exec-1] c.p.npp.service.UserEntityServiceImpl    : User found
2024-06-23T01:15:51.583+05:30  INFO 17244 --- [npp] [http-nio-8080-exec-1] c.p.npp.service.PortRequestServiceImpl   : Port request found
2024-06-23T01:15:51.583+05:30  INFO 17244 --- [npp] [http-nio-8080-exec-1] c.p.n.c.CustomerServiceController        : Portrequest found
2024-06-23T01:17:10.996+05:30  INFO 17244 --- [npp] [http-nio-8080-exec-5] c.p.npp.service.UserEntityServiceImpl    : User found
2024-06-23T01:17:10.996+05:30  INFO 17244 --- [npp] [http-nio-8080-exec-5] c.p.npp.service.PortRequestServiceImpl   : Port request found
2024-06-23T01:17:10.996+05:30  INFO 17244 --- [npp] [http-nio-8080-exec-5] c.p.n.c.CustomerServiceController        : Portrequest found
2024-06-23T01:17:29.481+05:30  INFO 17244 --- [npp] [http-nio-8080-exec-6] c.p.npp.service.UserEntityServiceImpl    : User found
2024-06-23T01:17:29.481+05:30  INFO 17244 --- [npp] [http-nio-8080-exec-6] c.p.n.c.CustomerServiceController        : Get all customers
2024-06-23T01:17:29.494+05:30  INFO 17244 --- [npp] [http-nio-8080-exec-6] c.p.npp.service.CustomerServiceImpl      : Customer found
2024-06-23T01:17:29.494+05:30  INFO 17244 --- [npp] [http-nio-8080-exec-6] c.p.n.c.CustomerServiceController        : Customer found
2024-06-23T01:17:36.076+05:30  INFO 17244 --- [npp] [http-nio-8080-exec-7] c.p.npp.service.UserEntityServiceImpl    : User found
2024-06-23T01:17:36.087+05:30  INFO 17244 --- [npp] [http-nio-8080-exec-7] c.p.npp.service.PortRequestServiceImpl   : Port request found
2024-06-23T01:17:36.087+05:30  INFO 17244 --- [npp] [http-nio-8080-exec-7] c.p.n.c.CustomerServiceController        : Portrequest found
2024-06-23T01:18:01.570+05:30  INFO 17244 --- [npp] [http-nio-8080-exec-8] c.p.npp.service.UserEntityServiceImpl    : User found
2024-06-23T01:18:01.570+05:30  INFO 17244 --- [npp] [http-nio-8080-exec-8] c.p.n.c.CustomerServiceController        : Submit port request
2024-06-23T01:18:01.588+05:30  INFO 17244 --- [npp] [http-nio-8080-exec-8] c.p.npp.service.CustomerServiceImpl      : Customer found
2024-06-23T01:18:01.601+05:30  INFO 17244 --- [npp] [http-nio-8080-exec-8] c.p.npp.service.PortRequestServiceImpl   : Port request added successfully
2024-06-23T01:18:01.602+05:30  INFO 17244 --- [npp] [http-nio-8080-exec-8] c.p.n.c.CustomerServiceController        : Portrequest added successfully!
2024-06-23T01:18:01.611+05:30  INFO 17244 --- [npp] [http-nio-8080-exec-8] c.p.n.c.CustomerServiceController        : Log added successfully!
2024-06-23T01:18:03.146+05:30  INFO 17244 --- [npp] [http-nio-8080-exec-9] c.p.npp.service.UserEntityServiceImpl    : User found
2024-06-23T01:18:03.165+05:30  INFO 17244 --- [npp] [http-nio-8080-exec-9] c.p.npp.service.PortRequestServiceImpl   : Port request found
2024-06-23T01:18:03.165+05:30  INFO 17244 --- [npp] [http-nio-8080-exec-9] c.p.n.c.CustomerServiceController        : Portrequest found
2024-06-23T01:18:12.788+05:30  INFO 17244 --- [npp] [http-nio-8080-exec-10] c.p.npp.service.UserEntityServiceImpl    : User found
2024-06-23T01:18:12.790+05:30  INFO 17244 --- [npp] [http-nio-8080-exec-10] c.p.n.c.CustomerServiceController        : Get port request by ID
2024-06-23T01:18:12.792+05:30  INFO 17244 --- [npp] [http-nio-8080-exec-10] c.p.npp.service.PortRequestServiceImpl   : Port request found
2024-06-23T01:18:12.793+05:30  INFO 17244 --- [npp] [http-nio-8080-exec-10] c.p.n.c.CustomerServiceController        : Portrequest found
2024-06-23T01:18:43.314+05:30  INFO 17244 --- [npp] [http-nio-8080-exec-4] c.project.npp.controller.AuthController  : signin
2024-06-23T01:18:43.318+05:30  INFO 17244 --- [npp] [http-nio-8080-exec-4] c.p.npp.service.UserEntityServiceImpl    : User found
2024-06-23T01:18:43.472+05:30  INFO 17244 --- [npp] [http-nio-8080-exec-4] c.project.npp.service.RoleServiceImpl    : Role found
2024-06-23T01:18:43.482+05:30  INFO 17244 --- [npp] [http-nio-8080-exec-4] c.p.npp.service.OperatorServiceImpl      : Operator found
2024-06-23T01:18:43.482+05:30  INFO 17244 --- [npp] [http-nio-8080-exec-4] c.p.npp.service.UserEntityServiceImpl    : User added successfully !!
2024-06-23T01:18:43.482+05:30  INFO 17244 --- [npp] [http-nio-8080-exec-4] c.project.npp.controller.AuthController  : User registered successfully!
2024-06-23T01:18:57.841+05:30  INFO 17244 --- [npp] [http-nio-8080-exec-3] c.project.npp.controller.AuthController  : signin
2024-06-23T01:18:57.855+05:30  INFO 17244 --- [npp] [http-nio-8080-exec-3] c.p.npp.service.UserEntityServiceImpl    : User found
2024-06-23T01:19:14.874+05:30  INFO 17244 --- [npp] [http-nio-8080-exec-6] c.project.npp.controller.AuthController  : signin
2024-06-23T01:19:14.878+05:30  INFO 17244 --- [npp] [http-nio-8080-exec-6] c.p.npp.service.UserEntityServiceImpl    : User found
2024-06-23T01:19:17.370+05:30  INFO 17244 --- [npp] [http-nio-8080-exec-7] c.p.npp.service.UserEntityServiceImpl    : User found
2024-06-23T01:19:17.371+05:30  INFO 17244 --- [npp] [http-nio-8080-exec-7] c.p.n.controller.SystemAdminController   : Get all Users
2024-06-23T01:19:17.380+05:30  INFO 17244 --- [npp] [http-nio-8080-exec-7] c.p.npp.service.UserEntityServiceImpl    : Role found
2024-06-23T01:19:17.380+05:30  INFO 17244 --- [npp] [http-nio-8080-exec-7] c.p.n.controller.SystemAdminController   : User found
2024-06-23T01:21:18.009+05:30  INFO 17244 --- [npp] [http-nio-8080-exec-9] c.project.npp.controller.AuthController  : signin
2024-06-23T01:21:18.011+05:30  INFO 17244 --- [npp] [http-nio-8080-exec-9] c.p.npp.service.UserEntityServiceImpl    : User found
2024-06-23T01:21:18.184+05:30  INFO 17244 --- [npp] [http-nio-8080-exec-9] c.project.npp.service.RoleServiceImpl    : Role found
2024-06-23T01:21:18.184+05:30  INFO 17244 --- [npp] [http-nio-8080-exec-9] c.p.npp.service.OperatorServiceImpl      : Operator found
2024-06-23T01:21:18.184+05:30  INFO 17244 --- [npp] [http-nio-8080-exec-9] c.p.npp.service.UserEntityServiceImpl    : User added successfully !!
2024-06-23T01:21:18.184+05:30  INFO 17244 --- [npp] [http-nio-8080-exec-9] c.project.npp.controller.AuthController  : User registered successfully!
2024-06-23T01:24:45.148+05:30  INFO 17244 --- [npp] [http-nio-8080-exec-10] c.project.npp.controller.AuthController  : signin
2024-06-23T01:24:45.150+05:30  INFO 17244 --- [npp] [http-nio-8080-exec-10] c.p.npp.service.UserEntityServiceImpl    : User found
2024-06-23T01:24:45.274+05:30  INFO 17244 --- [npp] [http-nio-8080-exec-10] c.project.npp.service.RoleServiceImpl    : Role found
2024-06-23T01:24:45.275+05:30  INFO 17244 --- [npp] [http-nio-8080-exec-10] c.p.npp.service.OperatorServiceImpl      : Operator found
2024-06-23T01:24:45.290+05:30  INFO 17244 --- [npp] [http-nio-8080-exec-10] c.p.npp.service.UserEntityServiceImpl    : User added successfully !!
2024-06-23T01:24:45.290+05:30  INFO 17244 --- [npp] [http-nio-8080-exec-10] c.project.npp.controller.AuthController  : User registered successfully!
2024-06-23T01:28:57.727+05:30  INFO 17244 --- [npp] [http-nio-8080-exec-4] c.project.npp.controller.AuthController  : signin
2024-06-23T01:28:57.729+05:30  INFO 17244 --- [npp] [http-nio-8080-exec-4] c.p.npp.service.UserEntityServiceImpl    : User found
2024-06-23T01:28:57.870+05:30  INFO 17244 --- [npp] [http-nio-8080-exec-4] c.project.npp.service.RoleServiceImpl    : Role found
2024-06-23T01:28:57.870+05:30  INFO 17244 --- [npp] [http-nio-8080-exec-4] c.p.npp.service.OperatorServiceImpl      : Operator found
2024-06-23T01:28:57.870+05:30  INFO 17244 --- [npp] [http-nio-8080-exec-4] c.p.npp.service.UserEntityServiceImpl    : User added successfully !!
2024-06-23T01:28:57.886+05:30  INFO 17244 --- [npp] [http-nio-8080-exec-4] c.project.npp.controller.AuthController  : User registered successfully!
2024-06-23T01:29:08.660+05:30  INFO 17244 --- [npp] [http-nio-8080-exec-3] c.project.npp.controller.AuthController  : signin
2024-06-23T01:29:08.660+05:30  INFO 17244 --- [npp] [http-nio-8080-exec-3] c.p.npp.service.UserEntityServiceImpl    : User found
2024-06-23T01:29:10.675+05:30  INFO 17244 --- [npp] [http-nio-8080-exec-5] c.p.npp.service.UserEntityServiceImpl    : User found
2024-06-23T01:29:10.678+05:30  INFO 17244 --- [npp] [http-nio-8080-exec-5] c.p.n.controller.SystemAdminController   : Get all Users
2024-06-23T01:29:10.701+05:30  INFO 17244 --- [npp] [http-nio-8080-exec-5] c.p.npp.service.UserEntityServiceImpl    : Role found
2024-06-23T01:29:10.701+05:30  INFO 17244 --- [npp] [http-nio-8080-exec-5] c.p.n.controller.SystemAdminController   : User found
2024-06-23T01:29:34.158+05:30  INFO 17244 --- [npp] [http-nio-8080-exec-6] c.p.npp.service.UserEntityServiceImpl    : User found
2024-06-23T01:29:34.163+05:30  INFO 17244 --- [npp] [http-nio-8080-exec-6] c.project.npp.service.RoleServiceImpl    : Role found
2024-06-23T01:29:34.165+05:30  INFO 17244 --- [npp] [http-nio-8080-exec-6] c.project.npp.service.RoleServiceImpl    : Role found
2024-06-23T01:29:34.166+05:30  INFO 17244 --- [npp] [http-nio-8080-exec-6] c.project.npp.service.RoleServiceImpl    : Role found
2024-06-23T01:29:34.168+05:30  INFO 17244 --- [npp] [http-nio-8080-exec-6] c.p.npp.service.OperatorServiceImpl      : Operator found
2024-06-23T01:29:34.170+05:30  INFO 17244 --- [npp] [http-nio-8080-exec-6] c.p.npp.service.UserEntityServiceImpl    : Role updated successfully!
2024-06-23T01:29:34.170+05:30  INFO 17244 --- [npp] [http-nio-8080-exec-6] c.p.n.controller.SystemAdminController   : Role updated successfully!
2024-06-23T01:29:34.211+05:30  INFO 17244 --- [npp] [http-nio-8080-exec-7] c.p.npp.service.UserEntityServiceImpl    : User found
2024-06-23T01:29:34.213+05:30  INFO 17244 --- [npp] [http-nio-8080-exec-7] c.p.n.controller.SystemAdminController   : Get all Users
2024-06-23T01:29:34.255+05:30  INFO 17244 --- [npp] [http-nio-8080-exec-7] c.p.npp.service.UserEntityServiceImpl    : Role found
2024-06-23T01:29:34.255+05:30  INFO 17244 --- [npp] [http-nio-8080-exec-7] c.p.n.controller.SystemAdminController   : User found
2024-06-23T01:30:07.632+05:30  INFO 17244 --- [npp] [http-nio-8080-exec-8] c.project.npp.controller.AuthController  : signin
2024-06-23T01:30:07.636+05:30  INFO 17244 --- [npp] [http-nio-8080-exec-8] c.p.npp.service.UserEntityServiceImpl    : User found
2024-06-23T01:30:20.040+05:30  INFO 17244 --- [npp] [http-nio-8080-exec-9] c.project.npp.controller.AuthController  : signin
2024-06-23T01:30:20.045+05:30  INFO 17244 --- [npp] [http-nio-8080-exec-9] c.p.npp.service.UserEntityServiceImpl    : User found
2024-06-23T01:30:22.430+05:30  INFO 17244 --- [npp] [http-nio-8080-exec-1] c.p.npp.service.UserEntityServiceImpl    : User found
2024-06-23T01:30:22.644+05:30  INFO 17244 --- [npp] [http-nio-8080-exec-1] c.p.n.service.ComplianceLogsServiceImpl  : Log found
2024-06-23T01:30:22.644+05:30  INFO 17244 --- [npp] [http-nio-8080-exec-1] c.p.n.c.ComplianceOfficerController      : Log found
2024-06-23T01:31:54.297+05:30  INFO 17244 --- [npp] [http-nio-8080-exec-2] c.p.npp.service.UserEntityServiceImpl    : User found
2024-06-23T01:31:54.313+05:30  INFO 17244 --- [npp] [http-nio-8080-exec-2] c.p.n.service.ComplianceLogsServiceImpl  : Log found
2024-06-23T01:31:54.313+05:30  INFO 17244 --- [npp] [http-nio-8080-exec-2] c.p.n.c.ComplianceOfficerController      : Log found
2024-06-23T01:32:34.195+05:30  INFO 17244 --- [npp] [http-nio-8080-exec-4] c.p.npp.service.UserEntityServiceImpl    : User found
2024-06-23T01:32:34.344+05:30  INFO 17244 --- [npp] [http-nio-8080-exec-4] c.p.n.service.ComplianceLogsServiceImpl  : Log found
2024-06-23T01:32:34.344+05:30  INFO 17244 --- [npp] [http-nio-8080-exec-4] c.p.n.c.ComplianceOfficerController      : Log found
2024-06-23T01:33:15.102+05:30  INFO 17244 --- [npp] [http-nio-8080-exec-3] c.p.npp.service.UserEntityServiceImpl    : User found
2024-06-23T01:33:15.113+05:30  INFO 17244 --- [npp] [http-nio-8080-exec-3] c.p.n.service.ComplianceLogsServiceImpl  : Log found
2024-06-23T01:33:15.113+05:30  INFO 17244 --- [npp] [http-nio-8080-exec-3] c.p.n.c.ComplianceOfficerController      : Log found
2024-06-23T01:33:24.692+05:30  INFO 17244 --- [npp] [http-nio-8080-exec-5] c.p.npp.service.UserEntityServiceImpl    : User found
2024-06-23T01:33:24.704+05:30  INFO 17244 --- [npp] [http-nio-8080-exec-5] c.p.n.service.ComplianceLogsServiceImpl  : Log found
2024-06-23T01:33:24.704+05:30  INFO 17244 --- [npp] [http-nio-8080-exec-5] c.p.n.c.ComplianceOfficerController      : Log found
2024-06-23T01:33:44.350+05:30  INFO 17244 --- [npp] [http-nio-8080-exec-6] c.p.npp.service.UserEntityServiceImpl    : User found
2024-06-23T01:33:44.371+05:30  INFO 17244 --- [npp] [http-nio-8080-exec-6] c.p.n.service.ComplianceLogsServiceImpl  : Log found
2024-06-23T01:33:44.371+05:30  INFO 17244 --- [npp] [http-nio-8080-exec-6] c.p.n.c.ComplianceOfficerController      : Log found
2024-06-23T01:34:10.481+05:30  INFO 17244 --- [npp] [http-nio-8080-exec-8] c.p.npp.service.UserEntityServiceImpl    : User found
2024-06-23T01:34:10.486+05:30  INFO 17244 --- [npp] [http-nio-8080-exec-8] c.p.n.c.ComplianceOfficerController      : Get log
2024-06-23T01:34:10.491+05:30  INFO 17244 --- [npp] [http-nio-8080-exec-8] c.p.n.service.ComplianceLogsServiceImpl  : Log found
2024-06-23T01:34:10.491+05:30  INFO 17244 --- [npp] [http-nio-8080-exec-8] c.p.n.c.ComplianceOfficerController      : Log found
2024-06-23T01:36:32.370+05:30  INFO 17244 --- [npp] [http-nio-8080-exec-1] c.p.npp.service.UserEntityServiceImpl    : User found
2024-06-23T01:36:32.415+05:30  INFO 17244 --- [npp] [http-nio-8080-exec-1] c.p.n.service.ComplianceLogsServiceImpl  : Log found
2024-06-23T01:36:32.415+05:30  INFO 17244 --- [npp] [http-nio-8080-exec-1] c.p.n.c.ComplianceOfficerController      : Log found
2024-06-23T01:36:35.087+05:30  INFO 17244 --- [npp] [http-nio-8080-exec-10] c.p.npp.service.UserEntityServiceImpl    : User found
2024-06-23T01:36:35.092+05:30  INFO 17244 --- [npp] [http-nio-8080-exec-10] c.p.n.c.ComplianceOfficerController      : Get log
2024-06-23T01:36:35.105+05:30  INFO 17244 --- [npp] [http-nio-8080-exec-10] c.p.n.service.ComplianceLogsServiceImpl  : Log found
2024-06-23T01:36:35.105+05:30  INFO 17244 --- [npp] [http-nio-8080-exec-10] c.p.n.c.ComplianceOfficerController      : Log found
2024-06-23T01:36:39.781+05:30  INFO 17244 --- [npp] [http-nio-8080-exec-2] c.p.npp.service.UserEntityServiceImpl    : User found
2024-06-23T01:36:39.830+05:30  INFO 17244 --- [npp] [http-nio-8080-exec-2] c.p.n.service.ComplianceLogsServiceImpl  : Log found
2024-06-23T01:36:39.830+05:30  INFO 17244 --- [npp] [http-nio-8080-exec-2] c.p.n.c.ComplianceOfficerController      : Log found
2024-06-23T01:36:42.012+05:30  INFO 17244 --- [npp] [http-nio-8080-exec-4] c.p.npp.service.UserEntityServiceImpl    : User found
2024-06-23T01:36:42.012+05:30  INFO 17244 --- [npp] [http-nio-8080-exec-4] c.p.n.c.ComplianceOfficerController      : Get log
2024-06-23T01:36:42.012+05:30  INFO 17244 --- [npp] [http-nio-8080-exec-4] c.p.n.service.ComplianceLogsServiceImpl  : Log found
2024-06-23T01:36:42.012+05:30  INFO 17244 --- [npp] [http-nio-8080-exec-4] c.p.n.c.ComplianceOfficerController      : Log found
2024-06-23T01:36:45.252+05:30  INFO 17244 --- [npp] [http-nio-8080-exec-3] c.p.npp.service.UserEntityServiceImpl    : User found
2024-06-23T01:36:45.295+05:30  INFO 17244 --- [npp] [http-nio-8080-exec-3] c.p.n.service.ComplianceLogsServiceImpl  : Log found
2024-06-23T01:36:45.295+05:30  INFO 17244 --- [npp] [http-nio-8080-exec-3] c.p.n.c.ComplianceOfficerController      : Log found
2024-06-23T01:37:38.783+05:30  INFO 17244 --- [npp] [http-nio-8080-exec-5] c.p.npp.service.UserEntityServiceImpl    : User found
2024-06-23T01:37:38.783+05:30  INFO 17244 --- [npp] [http-nio-8080-exec-5] c.p.n.c.ComplianceOfficerController      : Get log
2024-06-23T01:37:38.783+05:30  INFO 17244 --- [npp] [http-nio-8080-exec-5] c.p.n.service.ComplianceLogsServiceImpl  : Log found
2024-06-23T01:37:38.783+05:30  INFO 17244 --- [npp] [http-nio-8080-exec-5] c.p.n.c.ComplianceOfficerController      : Log found
2024-06-23T01:38:11.244+05:30  INFO 17244 --- [npp] [http-nio-8080-exec-4] o.springdoc.api.AbstractOpenApiResource  : Init duration for springdoc-openapi is: 782 ms
2024-06-23T01:38:46.954+05:30  INFO 17244 --- [npp] [http-nio-8080-exec-5] c.project.npp.controller.AuthController  : signin
2024-06-23T01:38:46.969+05:30  INFO 17244 --- [npp] [http-nio-8080-exec-5] c.p.npp.service.UserEntityServiceImpl    : User found
2024-06-23T01:39:39.997+05:30  INFO 17244 --- [npp] [http-nio-8080-exec-10] c.p.npp.service.UserEntityServiceImpl    : User found
2024-06-23T01:42:37.000+05:30  INFO 17244 --- [npp] [RMI TCP Connection(121)-127.0.0.1] inMXBeanRegistrar$SpringApplicationAdmin : Application shutdown requested.
2024-06-23T01:42:37.059+05:30  INFO 17244 --- [npp] [RMI TCP Connection(121)-127.0.0.1] j.LocalContainerEntityManagerFactoryBean : Closing JPA EntityManagerFactory for persistence unit 'default'
2024-06-23T01:42:37.066+05:30  INFO 17244 --- [npp] [RMI TCP Connection(121)-127.0.0.1] com.zaxxer.hikari.HikariDataSource       : HikariPool-2 - Shutdown initiated...
2024-06-23T01:42:37.071+05:30  INFO 17244 --- [npp] [RMI TCP Connection(121)-127.0.0.1] com.zaxxer.hikari.HikariDataSource       : HikariPool-2 - Shutdown completed.
