2024-06-13T14:43:27.168+05:30  INFO 16760 --- [npp] [restartedMain] com.project.npp.NppApplication           : Starting NppApplication using Java 17.0.9 with PID 16760 (D:\NumberPortabilityPortalProject\npp\backend\target\classes started by srivalli.p in D:\NumberPortabilityPortalProject\npp\backend)
2024-06-13T14:43:27.180+05:30  INFO 16760 --- [npp] [restartedMain] com.project.npp.NppApplication           : No active profile set, falling back to 1 default profile: "default"
2024-06-13T14:43:27.257+05:30  INFO 16760 --- [npp] [restartedMain] .e.DevToolsPropertyDefaultsPostProcessor : Devtools property defaults active! Set 'spring.devtools.add-properties' to 'false' to disable
2024-06-13T14:43:27.257+05:30  INFO 16760 --- [npp] [restartedMain] .e.DevToolsPropertyDefaultsPostProcessor : For additional web related logging consider setting the 'logging.level.web' property to 'DEBUG'
2024-06-13T14:43:28.366+05:30  INFO 16760 --- [npp] [restartedMain] .s.d.r.c.RepositoryConfigurationDelegate : Bootstrapping Spring Data JPA repositories in DEFAULT mode.
2024-06-13T14:43:28.482+05:30  INFO 16760 --- [npp] [restartedMain] .s.d.r.c.RepositoryConfigurationDelegate : Finished Spring Data repository scanning in 105 ms. Found 6 JPA repository interfaces.
2024-06-13T14:43:29.070+05:30  INFO 16760 --- [npp] [restartedMain] o.s.b.w.embedded.tomcat.TomcatWebServer  : Tomcat initialized with port 8080 (http)
2024-06-13T14:43:29.084+05:30  INFO 16760 --- [npp] [restartedMain] o.apache.catalina.core.StandardService   : Starting service [Tomcat]
2024-06-13T14:43:29.085+05:30  INFO 16760 --- [npp] [restartedMain] o.apache.catalina.core.StandardEngine    : Starting Servlet engine: [Apache Tomcat/10.1.24]
2024-06-13T14:43:29.174+05:30  INFO 16760 --- [npp] [restartedMain] o.a.c.c.C.[Tomcat].[localhost].[/]       : Initializing Spring embedded WebApplicationContext
2024-06-13T14:43:29.175+05:30  INFO 16760 --- [npp] [restartedMain] w.s.c.ServletWebServerApplicationContext : Root WebApplicationContext: initialization completed in 1917 ms
2024-06-13T14:43:29.398+05:30  INFO 16760 --- [npp] [restartedMain] o.hibernate.jpa.internal.util.LogHelper  : HHH000204: Processing PersistenceUnitInfo [name: default]
2024-06-13T14:43:29.469+05:30  INFO 16760 --- [npp] [restartedMain] org.hibernate.Version                    : HHH000412: Hibernate ORM core version 6.5.2.Final
2024-06-13T14:43:29.515+05:30  INFO 16760 --- [npp] [restartedMain] o.h.c.internal.RegionFactoryInitiator    : HHH000026: Second-level cache disabled
2024-06-13T14:43:29.911+05:30  INFO 16760 --- [npp] [restartedMain] o.s.o.j.p.SpringPersistenceUnitInfo      : No LoadTimeWeaver setup: ignoring JPA class transformer
2024-06-13T14:43:29.948+05:30  INFO 16760 --- [npp] [restartedMain] com.zaxxer.hikari.HikariDataSource       : HikariPool-1 - Starting...
2024-06-13T14:43:30.325+05:30  INFO 16760 --- [npp] [restartedMain] com.zaxxer.hikari.pool.HikariPool        : HikariPool-1 - Added connection com.mysql.cj.jdbc.ConnectionImpl@1cbe52e3
2024-06-13T14:43:30.328+05:30  INFO 16760 --- [npp] [restartedMain] com.zaxxer.hikari.HikariDataSource       : HikariPool-1 - Start completed.
2024-06-13T14:43:30.405+05:30  WARN 16760 --- [npp] [restartedMain] org.hibernate.orm.deprecation            : HHH90000025: MySQLDialect does not need to be specified explicitly using 'hibernate.dialect' (remove the property setting and it will be selected by default)
2024-06-13T14:43:31.665+05:30  INFO 16760 --- [npp] [restartedMain] o.h.e.t.j.p.i.JtaPlatformInitiator       : HHH000489: No JTA platform available (set 'hibernate.transaction.jta.platform' to enable JTA platform integration)
2024-06-13T14:43:31.819+05:30  INFO 16760 --- [npp] [restartedMain] j.LocalContainerEntityManagerFactoryBean : Initialized JPA EntityManagerFactory for persistence unit 'default'
2024-06-13T14:43:32.213+05:30  INFO 16760 --- [npp] [restartedMain] eAuthenticationProviderManagerConfigurer : Global AuthenticationManager configured with AuthenticationProvider bean with name authenticationProvider
2024-06-13T14:43:32.214+05:30  WARN 16760 --- [npp] [restartedMain] r$InitializeUserDetailsManagerConfigurer : Global AuthenticationManager configured with an AuthenticationProvider bean. UserDetailsService beans will not be used for username/password login. Consider removing the AuthenticationProvider bean. Alternatively, consider using the UserDetailsService in a manually instantiated DaoAuthenticationProvider.
2024-06-13T14:43:32.433+05:30  WARN 16760 --- [npp] [restartedMain] JpaBaseConfiguration$JpaWebConfiguration : spring.jpa.open-in-view is enabled by default. Therefore, database queries may be performed during view rendering. Explicitly configure spring.jpa.open-in-view to disable this warning
2024-06-13T14:43:32.768+05:30  INFO 16760 --- [npp] [restartedMain] o.s.s.web.DefaultSecurityFilterChain     : Will secure any request with [org.springframework.security.web.session.DisableEncodeUrlFilter@741933f6, org.springframework.security.web.context.request.async.WebAsyncManagerIntegrationFilter@2f39888e, org.springframework.security.web.context.SecurityContextHolderFilter@5623c6f4, org.springframework.security.web.header.HeaderWriterFilter@57c4805b, org.springframework.web.filter.CorsFilter@18419a06, org.springframework.security.web.authentication.logout.LogoutFilter@6396823a, com.project.npp.security.jwt.AuthTokenFilter@1568a945, org.springframework.security.web.savedrequest.RequestCacheAwareFilter@2e292c7d, org.springframework.security.web.servletapi.SecurityContextHolderAwareRequestFilter@6c410373, org.springframework.security.web.authentication.AnonymousAuthenticationFilter@7561b4f0, org.springframework.security.web.session.SessionManagementFilter@1c457d61, org.springframework.security.web.access.ExceptionTranslationFilter@75b7d138, org.springframework.security.web.access.intercept.AuthorizationFilter@284e76a5]
2024-06-13T14:43:33.048+05:30  INFO 16760 --- [npp] [restartedMain] o.s.b.d.a.OptionalLiveReloadServer       : LiveReload server is running on port 35729
2024-06-13T14:43:33.109+05:30  INFO 16760 --- [npp] [restartedMain] o.s.b.w.embedded.tomcat.TomcatWebServer  : Tomcat started on port 8080 (http) with context path '/'
2024-06-13T14:43:33.123+05:30  INFO 16760 --- [npp] [restartedMain] com.project.npp.NppApplication           : Started NppApplication in 6.814 seconds (process running for 9.224)
2024-06-13T14:44:44.484+05:30  INFO 16760 --- [npp] [http-nio-8080-exec-1] o.a.c.c.C.[Tomcat].[localhost].[/]       : Initializing Spring DispatcherServlet 'dispatcherServlet'
2024-06-13T14:44:44.484+05:30  INFO 16760 --- [npp] [http-nio-8080-exec-1] o.s.web.servlet.DispatcherServlet        : Initializing Servlet 'dispatcherServlet'
2024-06-13T14:44:44.484+05:30  INFO 16760 --- [npp] [http-nio-8080-exec-1] o.s.web.servlet.DispatcherServlet        : Completed initialization in 0 ms
2024-06-13T15:41:59.992+05:30  WARN 16760 --- [npp] [HikariPool-1 housekeeper] com.zaxxer.hikari.pool.HikariPool        : HikariPool-1 - Thread starvation or clock leap detected (housekeeper delta=40m29s321ms271µs900ns).
2024-06-13T16:50:31.855+05:30  WARN 16760 --- [npp] [HikariPool-1 housekeeper] com.zaxxer.hikari.pool.HikariPool        : HikariPool-1 - Thread starvation or clock leap detected (housekeeper delta=49m31s90ms716µs800ns).
2024-06-13T17:01:57.844+05:30  INFO 16760 --- [npp] [RMI TCP Connection(58)-127.0.0.1] inMXBeanRegistrar$SpringApplicationAdmin : Application shutdown requested.
2024-06-13T17:01:57.894+05:30  INFO 16760 --- [npp] [RMI TCP Connection(58)-127.0.0.1] j.LocalContainerEntityManagerFactoryBean : Closing JPA EntityManagerFactory for persistence unit 'default'
2024-06-13T17:01:57.901+05:30  INFO 16760 --- [npp] [RMI TCP Connection(58)-127.0.0.1] com.zaxxer.hikari.HikariDataSource       : HikariPool-1 - Shutdown initiated...
2024-06-13T17:01:57.912+05:30  INFO 16760 --- [npp] [RMI TCP Connection(58)-127.0.0.1] com.zaxxer.hikari.HikariDataSource       : HikariPool-1 - Shutdown completed.
