2024-06-15T19:29:36.436+05:30  INFO 20088 --- [npp] [restartedMain] com.project.npp.NppApplication           : Starting NppApplication using Java 17.0.9 with PID 20088 (D:\NumberPortabilityPortalProject\npp\backend\target\classes started by srivalli.p in D:\NumberPortabilityPortalProject\npp\backend)
2024-06-15T19:29:36.448+05:30  INFO 20088 --- [npp] [restartedMain] com.project.npp.NppApplication           : No active profile set, falling back to 1 default profile: "default"
2024-06-15T19:29:36.542+05:30  INFO 20088 --- [npp] [restartedMain] .e.DevToolsPropertyDefaultsPostProcessor : Devtools property defaults active! Set 'spring.devtools.add-properties' to 'false' to disable
2024-06-15T19:29:36.543+05:30  INFO 20088 --- [npp] [restartedMain] .e.DevToolsPropertyDefaultsPostProcessor : For additional web related logging consider setting the 'logging.level.web' property to 'DEBUG'
2024-06-15T19:29:37.588+05:30  INFO 20088 --- [npp] [restartedMain] .s.d.r.c.RepositoryConfigurationDelegate : Bootstrapping Spring Data JPA repositories in DEFAULT mode.
2024-06-15T19:29:37.714+05:30  INFO 20088 --- [npp] [restartedMain] .s.d.r.c.RepositoryConfigurationDelegate : Finished Spring Data repository scanning in 113 ms. Found 6 JPA repository interfaces.
2024-06-15T19:29:38.275+05:30  INFO 20088 --- [npp] [restartedMain] o.s.b.w.embedded.tomcat.TomcatWebServer  : Tomcat initialized with port 8080 (http)
2024-06-15T19:29:38.296+05:30  INFO 20088 --- [npp] [restartedMain] o.apache.catalina.core.StandardService   : Starting service [Tomcat]
2024-06-15T19:29:38.296+05:30  INFO 20088 --- [npp] [restartedMain] o.apache.catalina.core.StandardEngine    : Starting Servlet engine: [Apache Tomcat/10.1.24]
2024-06-15T19:29:38.383+05:30  INFO 20088 --- [npp] [restartedMain] o.a.c.c.C.[Tomcat].[localhost].[/]       : Initializing Spring embedded WebApplicationContext
2024-06-15T19:29:38.384+05:30  INFO 20088 --- [npp] [restartedMain] w.s.c.ServletWebServerApplicationContext : Root WebApplicationContext: initialization completed in 1838 ms
2024-06-15T19:29:38.579+05:30  INFO 20088 --- [npp] [restartedMain] o.hibernate.jpa.internal.util.LogHelper  : HHH000204: Processing PersistenceUnitInfo [name: default]
2024-06-15T19:29:38.654+05:30  INFO 20088 --- [npp] [restartedMain] org.hibernate.Version                    : HHH000412: Hibernate ORM core version 6.5.2.Final
2024-06-15T19:29:38.717+05:30  INFO 20088 --- [npp] [restartedMain] o.h.c.internal.RegionFactoryInitiator    : HHH000026: Second-level cache disabled
2024-06-15T19:29:39.039+05:30  INFO 20088 --- [npp] [restartedMain] o.s.o.j.p.SpringPersistenceUnitInfo      : No LoadTimeWeaver setup: ignoring JPA class transformer
2024-06-15T19:29:39.074+05:30  INFO 20088 --- [npp] [restartedMain] com.zaxxer.hikari.HikariDataSource       : HikariPool-1 - Starting...
2024-06-15T19:29:39.411+05:30  INFO 20088 --- [npp] [restartedMain] com.zaxxer.hikari.pool.HikariPool        : HikariPool-1 - Added connection com.mysql.cj.jdbc.ConnectionImpl@62dc974a
2024-06-15T19:29:39.414+05:30  INFO 20088 --- [npp] [restartedMain] com.zaxxer.hikari.HikariDataSource       : HikariPool-1 - Start completed.
2024-06-15T19:29:39.488+05:30  WARN 20088 --- [npp] [restartedMain] org.hibernate.orm.deprecation            : HHH90000025: MySQLDialect does not need to be specified explicitly using 'hibernate.dialect' (remove the property setting and it will be selected by default)
2024-06-15T19:29:40.608+05:30  INFO 20088 --- [npp] [restartedMain] o.h.e.t.j.p.i.JtaPlatformInitiator       : HHH000489: No JTA platform available (set 'hibernate.transaction.jta.platform' to enable JTA platform integration)
2024-06-15T19:29:40.760+05:30  INFO 20088 --- [npp] [restartedMain] j.LocalContainerEntityManagerFactoryBean : Initialized JPA EntityManagerFactory for persistence unit 'default'
2024-06-15T19:29:41.189+05:30  INFO 20088 --- [npp] [restartedMain] eAuthenticationProviderManagerConfigurer : Global AuthenticationManager configured with AuthenticationProvider bean with name authenticationProvider
2024-06-15T19:29:41.190+05:30  WARN 20088 --- [npp] [restartedMain] r$InitializeUserDetailsManagerConfigurer : Global AuthenticationManager configured with an AuthenticationProvider bean. UserDetailsService beans will not be used for username/password login. Consider removing the AuthenticationProvider bean. Alternatively, consider using the UserDetailsService in a manually instantiated DaoAuthenticationProvider.
2024-06-15T19:29:41.378+05:30  WARN 20088 --- [npp] [restartedMain] JpaBaseConfiguration$JpaWebConfiguration : spring.jpa.open-in-view is enabled by default. Therefore, database queries may be performed during view rendering. Explicitly configure spring.jpa.open-in-view to disable this warning
2024-06-15T19:29:41.668+05:30  INFO 20088 --- [npp] [restartedMain] o.s.s.web.DefaultSecurityFilterChain     : Will secure any request with [org.springframework.security.web.session.DisableEncodeUrlFilter@df8c64f, org.springframework.security.web.context.request.async.WebAsyncManagerIntegrationFilter@582153e, org.springframework.security.web.context.SecurityContextHolderFilter@58411e11, org.springframework.security.web.header.HeaderWriterFilter@7d130f53, org.springframework.web.filter.CorsFilter@2cc0b98e, org.springframework.security.web.authentication.logout.LogoutFilter@2c7a8364, com.project.npp.security.jwt.AuthTokenFilter@fea8fba, org.springframework.security.web.savedrequest.RequestCacheAwareFilter@c49dbb9, org.springframework.security.web.servletapi.SecurityContextHolderAwareRequestFilter@2cd6854d, org.springframework.security.web.authentication.AnonymousAuthenticationFilter@5ee089c6, org.springframework.security.web.session.SessionManagementFilter@3c8a42ee, org.springframework.security.web.access.ExceptionTranslationFilter@30ba404d, org.springframework.security.web.access.intercept.AuthorizationFilter@271407e]
2024-06-15T19:29:41.938+05:30  INFO 20088 --- [npp] [restartedMain] o.s.b.d.a.OptionalLiveReloadServer       : LiveReload server is running on port 35729
2024-06-15T19:29:41.997+05:30  INFO 20088 --- [npp] [restartedMain] o.s.b.w.embedded.tomcat.TomcatWebServer  : Tomcat started on port 8080 (http) with context path '/'
2024-06-15T19:29:42.013+05:30  INFO 20088 --- [npp] [restartedMain] com.project.npp.NppApplication           : Started NppApplication in 6.371 seconds (process running for 8.553)
2024-06-15T19:31:04.126+05:30  INFO 20088 --- [npp] [http-nio-8080-exec-1] o.a.c.c.C.[Tomcat].[localhost].[/]       : Initializing Spring DispatcherServlet 'dispatcherServlet'
2024-06-15T19:31:04.127+05:30  INFO 20088 --- [npp] [http-nio-8080-exec-1] o.s.web.servlet.DispatcherServlet        : Initializing Servlet 'dispatcherServlet'
2024-06-15T19:31:04.131+05:30  INFO 20088 --- [npp] [http-nio-8080-exec-1] o.s.web.servlet.DispatcherServlet        : Completed initialization in 3 ms
2024-06-15T19:35:52.202+05:30 ERROR 20088 --- [npp] [http-nio-8080-exec-3] com.project.npp.security.jwt.JwtUtils    : JWT token is expired: JWT expired at 2024-06-15T08:06:52Z. Current time: 2024-06-15T14:05:52Z, a difference of 21540202 milliseconds.  Allowed clock skew: 0 milliseconds.
2024-06-15T19:35:53.401+05:30 ERROR 20088 --- [npp] [http-nio-8080-exec-5] com.project.npp.security.jwt.JwtUtils    : JWT token is expired: JWT expired at 2024-06-15T08:06:52Z. Current time: 2024-06-15T14:05:53Z, a difference of 21541401 milliseconds.  Allowed clock skew: 0 milliseconds.
2024-06-15T19:36:04.812+05:30 ERROR 20088 --- [npp] [http-nio-8080-exec-7] com.project.npp.security.jwt.JwtUtils    : JWT token is expired: JWT expired at 2024-06-15T08:06:52Z. Current time: 2024-06-15T14:06:04Z, a difference of 21552812 milliseconds.  Allowed clock skew: 0 milliseconds.
2024-06-15T19:36:10.792+05:30 ERROR 20088 --- [npp] [http-nio-8080-exec-8] com.project.npp.security.jwt.JwtUtils    : JWT token is expired: JWT expired at 2024-06-15T08:06:52Z. Current time: 2024-06-15T14:06:10Z, a difference of 21558776 milliseconds.  Allowed clock skew: 0 milliseconds.
2024-06-15T19:36:11.383+05:30 ERROR 20088 --- [npp] [http-nio-8080-exec-9] com.project.npp.security.jwt.JwtUtils    : JWT token is expired: JWT expired at 2024-06-15T08:06:52Z. Current time: 2024-06-15T14:06:11Z, a difference of 21559383 milliseconds.  Allowed clock skew: 0 milliseconds.
2024-06-15T19:36:42.198+05:30  INFO 20088 --- [npp] [RMI TCP Connection(10)-127.0.0.1] inMXBeanRegistrar$SpringApplicationAdmin : Application shutdown requested.
2024-06-15T19:36:42.243+05:30  INFO 20088 --- [npp] [RMI TCP Connection(10)-127.0.0.1] j.LocalContainerEntityManagerFactoryBean : Closing JPA EntityManagerFactory for persistence unit 'default'
2024-06-15T19:36:42.250+05:30  INFO 20088 --- [npp] [RMI TCP Connection(10)-127.0.0.1] com.zaxxer.hikari.HikariDataSource       : HikariPool-1 - Shutdown initiated...
2024-06-15T19:36:42.264+05:30  INFO 20088 --- [npp] [RMI TCP Connection(10)-127.0.0.1] com.zaxxer.hikari.HikariDataSource       : HikariPool-1 - Shutdown completed.
2024-06-15T19:36:51.401+05:30  INFO 24308 --- [npp] [restartedMain] com.project.npp.NppApplication           : Starting NppApplication using Java 17.0.9 with PID 24308 (D:\NumberPortabilityPortalProject\npp\backend\target\classes started by srivalli.p in D:\NumberPortabilityPortalProject\npp\backend)
2024-06-15T19:36:51.404+05:30  INFO 24308 --- [npp] [restartedMain] com.project.npp.NppApplication           : No active profile set, falling back to 1 default profile: "default"
2024-06-15T19:36:51.513+05:30  INFO 24308 --- [npp] [restartedMain] .e.DevToolsPropertyDefaultsPostProcessor : Devtools property defaults active! Set 'spring.devtools.add-properties' to 'false' to disable
2024-06-15T19:36:51.514+05:30  INFO 24308 --- [npp] [restartedMain] .e.DevToolsPropertyDefaultsPostProcessor : For additional web related logging consider setting the 'logging.level.web' property to 'DEBUG'
2024-06-15T19:36:52.475+05:30  INFO 24308 --- [npp] [restartedMain] .s.d.r.c.RepositoryConfigurationDelegate : Bootstrapping Spring Data JPA repositories in DEFAULT mode.
2024-06-15T19:36:52.593+05:30  INFO 24308 --- [npp] [restartedMain] .s.d.r.c.RepositoryConfigurationDelegate : Finished Spring Data repository scanning in 106 ms. Found 6 JPA repository interfaces.
2024-06-15T19:36:53.170+05:30  INFO 24308 --- [npp] [restartedMain] o.s.b.w.embedded.tomcat.TomcatWebServer  : Tomcat initialized with port 8080 (http)
2024-06-15T19:36:53.182+05:30  INFO 24308 --- [npp] [restartedMain] o.apache.catalina.core.StandardService   : Starting service [Tomcat]
2024-06-15T19:36:53.183+05:30  INFO 24308 --- [npp] [restartedMain] o.apache.catalina.core.StandardEngine    : Starting Servlet engine: [Apache Tomcat/10.1.24]
2024-06-15T19:36:53.255+05:30  INFO 24308 --- [npp] [restartedMain] o.a.c.c.C.[Tomcat].[localhost].[/]       : Initializing Spring embedded WebApplicationContext
2024-06-15T19:36:53.255+05:30  INFO 24308 --- [npp] [restartedMain] w.s.c.ServletWebServerApplicationContext : Root WebApplicationContext: initialization completed in 1740 ms
2024-06-15T19:36:53.463+05:30  INFO 24308 --- [npp] [restartedMain] o.hibernate.jpa.internal.util.LogHelper  : HHH000204: Processing PersistenceUnitInfo [name: default]
2024-06-15T19:36:53.518+05:30  INFO 24308 --- [npp] [restartedMain] org.hibernate.Version                    : HHH000412: Hibernate ORM core version 6.5.2.Final
2024-06-15T19:36:53.557+05:30  INFO 24308 --- [npp] [restartedMain] o.h.c.internal.RegionFactoryInitiator    : HHH000026: Second-level cache disabled
2024-06-15T19:36:53.816+05:30  INFO 24308 --- [npp] [restartedMain] o.s.o.j.p.SpringPersistenceUnitInfo      : No LoadTimeWeaver setup: ignoring JPA class transformer
2024-06-15T19:36:53.848+05:30  INFO 24308 --- [npp] [restartedMain] com.zaxxer.hikari.HikariDataSource       : HikariPool-1 - Starting...
2024-06-15T19:36:54.183+05:30  INFO 24308 --- [npp] [restartedMain] com.zaxxer.hikari.pool.HikariPool        : HikariPool-1 - Added connection com.mysql.cj.jdbc.ConnectionImpl@7ad189e1
2024-06-15T19:36:54.185+05:30  INFO 24308 --- [npp] [restartedMain] com.zaxxer.hikari.HikariDataSource       : HikariPool-1 - Start completed.
2024-06-15T19:36:54.248+05:30  WARN 24308 --- [npp] [restartedMain] org.hibernate.orm.deprecation            : HHH90000025: MySQLDialect does not need to be specified explicitly using 'hibernate.dialect' (remove the property setting and it will be selected by default)
2024-06-15T19:36:55.289+05:30  INFO 24308 --- [npp] [restartedMain] o.h.e.t.j.p.i.JtaPlatformInitiator       : HHH000489: No JTA platform available (set 'hibernate.transaction.jta.platform' to enable JTA platform integration)
2024-06-15T19:36:55.472+05:30  INFO 24308 --- [npp] [restartedMain] j.LocalContainerEntityManagerFactoryBean : Initialized JPA EntityManagerFactory for persistence unit 'default'
2024-06-15T19:36:55.897+05:30  INFO 24308 --- [npp] [restartedMain] eAuthenticationProviderManagerConfigurer : Global AuthenticationManager configured with AuthenticationProvider bean with name authenticationProvider
2024-06-15T19:36:55.905+05:30  WARN 24308 --- [npp] [restartedMain] r$InitializeUserDetailsManagerConfigurer : Global AuthenticationManager configured with an AuthenticationProvider bean. UserDetailsService beans will not be used for username/password login. Consider removing the AuthenticationProvider bean. Alternatively, consider using the UserDetailsService in a manually instantiated DaoAuthenticationProvider.
2024-06-15T19:36:56.128+05:30  WARN 24308 --- [npp] [restartedMain] JpaBaseConfiguration$JpaWebConfiguration : spring.jpa.open-in-view is enabled by default. Therefore, database queries may be performed during view rendering. Explicitly configure spring.jpa.open-in-view to disable this warning
2024-06-15T19:36:56.461+05:30  INFO 24308 --- [npp] [restartedMain] o.s.s.web.DefaultSecurityFilterChain     : Will secure any request with [org.springframework.security.web.session.DisableEncodeUrlFilter@747ed8cd, org.springframework.security.web.context.request.async.WebAsyncManagerIntegrationFilter@6a5d8421, org.springframework.security.web.context.SecurityContextHolderFilter@c335e93, org.springframework.security.web.header.HeaderWriterFilter@82e399b, org.springframework.web.filter.CorsFilter@2dc4d004, org.springframework.security.web.authentication.logout.LogoutFilter@5e1dcb28, com.project.npp.security.jwt.AuthTokenFilter@6ec9aacd, org.springframework.security.web.savedrequest.RequestCacheAwareFilter@a55268f, org.springframework.security.web.servletapi.SecurityContextHolderAwareRequestFilter@8b1697f, org.springframework.security.web.authentication.AnonymousAuthenticationFilter@6db821f2, org.springframework.security.web.session.SessionManagementFilter@479bec7b, org.springframework.security.web.access.ExceptionTranslationFilter@4cf50ab4, org.springframework.security.web.access.intercept.AuthorizationFilter@12c18f8c]
2024-06-15T19:36:56.789+05:30  INFO 24308 --- [npp] [restartedMain] o.s.b.d.a.OptionalLiveReloadServer       : LiveReload server is running on port 35729
2024-06-15T19:36:56.840+05:30  INFO 24308 --- [npp] [restartedMain] o.s.b.w.embedded.tomcat.TomcatWebServer  : Tomcat started on port 8080 (http) with context path '/'
2024-06-15T19:36:56.858+05:30  INFO 24308 --- [npp] [restartedMain] com.project.npp.NppApplication           : Started NppApplication in 5.899 seconds (process running for 7.057)
2024-06-15T19:37:13.318+05:30  INFO 24308 --- [npp] [http-nio-8080-exec-1] o.a.c.c.C.[Tomcat].[localhost].[/]       : Initializing Spring DispatcherServlet 'dispatcherServlet'
2024-06-15T19:37:13.319+05:30  INFO 24308 --- [npp] [http-nio-8080-exec-1] o.s.web.servlet.DispatcherServlet        : Initializing Servlet 'dispatcherServlet'
2024-06-15T19:37:13.321+05:30  INFO 24308 --- [npp] [http-nio-8080-exec-1] o.s.web.servlet.DispatcherServlet        : Completed initialization in 1 ms
2024-06-15T19:37:13.569+05:30  INFO 24308 --- [npp] [http-nio-8080-exec-3] c.project.npp.controller.AuthController  : signin
2024-06-15T19:37:14.088+05:30  INFO 24308 --- [npp] [http-nio-8080-exec-3] c.p.npp.service.UserEntityServiceImpl    : User found
2024-06-15T19:37:16.182+05:30  INFO 24308 --- [npp] [http-nio-8080-exec-2] c.p.npp.service.UserEntityServiceImpl    : User found
2024-06-15T19:37:16.186+05:30  INFO 24308 --- [npp] [http-nio-8080-exec-2] c.p.n.c.CustomerServiceController        : Get all customers
2024-06-15T19:37:16.243+05:30  INFO 24308 --- [npp] [http-nio-8080-exec-2] c.p.npp.service.CustomerServiceImpl      : Customer found
2024-06-15T19:37:16.243+05:30  INFO 24308 --- [npp] [http-nio-8080-exec-2] c.p.n.c.CustomerServiceController        : Customer found
2024-06-15T19:37:19.476+05:30  INFO 24308 --- [npp] [http-nio-8080-exec-4] c.p.npp.service.UserEntityServiceImpl    : User found
2024-06-15T19:37:19.501+05:30  INFO 24308 --- [npp] [http-nio-8080-exec-4] c.p.npp.service.PortRequestServiceImpl   : Port request found
2024-06-15T19:37:19.501+05:30  INFO 24308 --- [npp] [http-nio-8080-exec-4] c.p.n.c.CustomerServiceController        : Portrequest found
2024-06-15T19:37:33.429+05:30  INFO 24308 --- [npp] [http-nio-8080-exec-6] c.p.npp.service.UserEntityServiceImpl    : User found
2024-06-15T19:37:33.434+05:30  INFO 24308 --- [npp] [http-nio-8080-exec-6] c.p.n.c.CustomerServiceController        : Get port request by ID
2024-06-15T19:37:33.442+05:30  INFO 24308 --- [npp] [http-nio-8080-exec-6] c.p.npp.service.PortRequestServiceImpl   : Port request found
2024-06-15T19:37:33.442+05:30  INFO 24308 --- [npp] [http-nio-8080-exec-6] c.p.n.c.CustomerServiceController        : Portrequest found
2024-06-15T20:00:11.812+05:30  INFO 24308 --- [npp] [http-nio-8080-exec-10] c.p.npp.service.UserEntityServiceImpl    : User found
2024-06-15T20:00:11.815+05:30  INFO 24308 --- [npp] [http-nio-8080-exec-10] c.p.n.c.CustomerServiceController        : Get all customers
2024-06-15T20:00:11.827+05:30  INFO 24308 --- [npp] [http-nio-8080-exec-10] c.p.npp.service.CustomerServiceImpl      : Customer found
2024-06-15T20:00:11.827+05:30  INFO 24308 --- [npp] [http-nio-8080-exec-10] c.p.n.c.CustomerServiceController        : Customer found
2024-06-15T20:00:15.175+05:30  INFO 24308 --- [npp] [http-nio-8080-exec-1] c.p.npp.service.UserEntityServiceImpl    : User found
2024-06-15T20:00:15.180+05:30  INFO 24308 --- [npp] [http-nio-8080-exec-1] c.p.n.c.CustomerServiceController        : Get all customers
2024-06-15T20:00:15.199+05:30  INFO 24308 --- [npp] [http-nio-8080-exec-1] c.p.npp.service.CustomerServiceImpl      : Customer found
2024-06-15T20:00:15.200+05:30  INFO 24308 --- [npp] [http-nio-8080-exec-1] c.p.n.c.CustomerServiceController        : Customer found
2024-06-15T20:03:46.739+05:30  INFO 24308 --- [npp] [http-nio-8080-exec-2] c.project.npp.controller.AuthController  : signin
2024-06-15T20:03:46.766+05:30  INFO 24308 --- [npp] [http-nio-8080-exec-2] c.p.npp.service.UserEntityServiceImpl    : User found
2024-06-15T20:03:48.530+05:30  INFO 24308 --- [npp] [http-nio-8080-exec-5] c.p.npp.service.UserEntityServiceImpl    : User found
2024-06-15T20:03:48.530+05:30  INFO 24308 --- [npp] [http-nio-8080-exec-5] c.p.n.controller.SystemAdminController   : Get all Operators
2024-06-15T20:03:48.536+05:30  INFO 24308 --- [npp] [http-nio-8080-exec-5] c.p.npp.service.OperatorServiceImpl      : Opertor found
2024-06-15T20:03:48.540+05:30  INFO 24308 --- [npp] [http-nio-8080-exec-5] c.p.n.controller.SystemAdminController   : Opertor found
2024-06-15T20:03:49.624+05:30  INFO 24308 --- [npp] [http-nio-8080-exec-9] c.p.npp.service.UserEntityServiceImpl    : User found
2024-06-15T20:03:49.624+05:30  INFO 24308 --- [npp] [http-nio-8080-exec-9] c.p.n.controller.SystemAdminController   : Get all Users
2024-06-15T20:03:49.653+05:30  INFO 24308 --- [npp] [http-nio-8080-exec-9] c.p.npp.service.UserEntityServiceImpl    : Role found
2024-06-15T20:03:49.655+05:30  INFO 24308 --- [npp] [http-nio-8080-exec-9] c.p.n.controller.SystemAdminController   : User found
2024-06-15T20:03:53.940+05:30  INFO 24308 --- [npp] [http-nio-8080-exec-7] c.p.npp.service.UserEntityServiceImpl    : User found
2024-06-15T20:03:53.942+05:30  INFO 24308 --- [npp] [http-nio-8080-exec-7] c.p.n.controller.SystemAdminController   : Get all Operators
2024-06-15T20:03:53.947+05:30  INFO 24308 --- [npp] [http-nio-8080-exec-7] c.p.npp.service.OperatorServiceImpl      : Opertor found
2024-06-15T20:03:53.947+05:30  INFO 24308 --- [npp] [http-nio-8080-exec-7] c.p.n.controller.SystemAdminController   : Opertor found
2024-06-15T20:03:58.545+05:30  INFO 24308 --- [npp] [http-nio-8080-exec-8] c.p.npp.service.UserEntityServiceImpl    : User found
2024-06-15T20:03:58.546+05:30  INFO 24308 --- [npp] [http-nio-8080-exec-8] c.p.n.controller.SystemAdminController   : Get all Users
2024-06-15T20:03:58.564+05:30  INFO 24308 --- [npp] [http-nio-8080-exec-8] c.p.npp.service.UserEntityServiceImpl    : Role found
2024-06-15T20:03:58.564+05:30  INFO 24308 --- [npp] [http-nio-8080-exec-8] c.p.n.controller.SystemAdminController   : User found
2024-06-15T20:05:27.955+05:30  INFO 24308 --- [npp] [http-nio-8080-exec-1] c.p.npp.service.UserEntityServiceImpl    : User found
2024-06-15T20:05:27.955+05:30  INFO 24308 --- [npp] [http-nio-8080-exec-1] c.p.n.controller.SystemAdminController   : Get all Operators
2024-06-15T20:05:27.965+05:30  INFO 24308 --- [npp] [http-nio-8080-exec-1] c.p.npp.service.OperatorServiceImpl      : Opertor found
2024-06-15T20:05:27.965+05:30  INFO 24308 --- [npp] [http-nio-8080-exec-1] c.p.n.controller.SystemAdminController   : Opertor found
2024-06-15T20:05:29.541+05:30  INFO 24308 --- [npp] [http-nio-8080-exec-2] c.p.npp.service.UserEntityServiceImpl    : User found
2024-06-15T20:05:29.541+05:30  INFO 24308 --- [npp] [http-nio-8080-exec-2] c.p.n.controller.SystemAdminController   : Get operatorby ID
2024-06-15T20:05:29.548+05:30  INFO 24308 --- [npp] [http-nio-8080-exec-2] c.p.npp.service.OperatorServiceImpl      : Opertor found
2024-06-15T20:05:29.548+05:30  INFO 24308 --- [npp] [http-nio-8080-exec-2] c.p.n.controller.SystemAdminController   : Operator found
2024-06-15T20:05:40.995+05:30  INFO 24308 --- [npp] [http-nio-8080-exec-4] c.project.npp.controller.AuthController  : signin
2024-06-15T20:05:41.001+05:30  INFO 24308 --- [npp] [http-nio-8080-exec-4] c.p.npp.service.UserEntityServiceImpl    : User found
2024-06-15T20:05:42.844+05:30  INFO 24308 --- [npp] [http-nio-8080-exec-6] c.p.npp.service.UserEntityServiceImpl    : User found
2024-06-15T20:05:42.850+05:30  INFO 24308 --- [npp] [http-nio-8080-exec-6] c.p.n.service.ComplianceLogsServiceImpl  : Log found
2024-06-15T20:05:42.850+05:30  INFO 24308 --- [npp] [http-nio-8080-exec-6] c.p.n.c.ComplianceOfficerController      : Log found
2024-06-15T20:05:46.613+05:30  INFO 24308 --- [npp] [http-nio-8080-exec-7] c.p.npp.service.UserEntityServiceImpl    : User found
2024-06-15T20:05:46.616+05:30  INFO 24308 --- [npp] [http-nio-8080-exec-7] c.p.n.c.ComplianceOfficerController      : Get log
2024-06-15T20:05:46.627+05:30  INFO 24308 --- [npp] [http-nio-8080-exec-7] c.p.n.service.ComplianceLogsServiceImpl  : Log found
2024-06-15T20:05:46.628+05:30  INFO 24308 --- [npp] [http-nio-8080-exec-7] c.p.n.c.ComplianceOfficerController      : Log found
